<?xml version="1.0" encoding="UTF-8"?>
<!-- Generated by org.testng.reporters.JUnitXMLReporter -->
<testsuite ignored="36" hostname="DESKTOP-GCGD1P4" failures="0" tests="19" name="Test" time="1515.31" errors="0" timestamp="2025-10-14T17:03:56 IST">
  <testcase classname="Tims.Partial_Report_SOFT_1409_Test_Cases.TC_19_Verify_Partial_Report_For_Heart_Profile_Test_HbA1c_Error_Untestable_Insufficient_Post_Analytical" name="TC_19_Verify_partial_report_for_heart_profile_test_for_biomarkers_HbA1c_with_error_reason_untestable_insufficient_post_analytical" time="80.477"/>
  <testcase classname="Tims.Partial_Report_SOFT_1409_Test_Cases.TC_15_Verify_Partial_Report_For_General_Health_Test_Biomarkers_FBC_HbA1c_ALT_GGT_ALP_with_Error_Untestable_Clotted_Sample_Receipt" name="TC_15_Verify_partial_test_reporting_for_the_general_health_test_specifically_for_the_biomarkers_FBC_HbA1c_ALT_GGT_ALP_with_error_reason_marked_as_untestable_clotted_sample_receipt" time="77.28"/>
  <testcase classname="Tims.Partial_Report_SOFT_1409_Test_Cases.TC_13_Verify_Partial_Test_Report_General_Health_Test_For_Biomarkers_HbA1c_ALP_ALT_GGT_with_Error_Untestable_Clotted" name="TC_13_Verify_partial_test_report_general_health_test_for_biomarkers_HbA1c_ALP_ALT_GGT_with_error_untestable_clotted" time="78.445"/>
  <testcase classname="Tims.Partial_Report_SOFT_1409_Test_Cases.TC_09_Verify_Partial_Test_Report_General_Health_Test_For_HbA1c_ALT_FBC_with_Error_Untestable_Misc" name="TC_09_Verify_partial_test_report_general_health_test_for_biomarkers_HbA1c_ALT_FBC_with_error_untestable_misc" time="74.796"/>
  <testcase classname="Tims.Partial_Report_SOFT_1409_Test_Cases.TC_05_Verify_Partial_Test_Report_For_The_General_Health_Test_For_Biomarkers_HbA1c_ALP_with_Error_Untestable_Damaged" name="TC_05_Verify_partial_test_report_for_the_general_health_test_for_biomarkers_HbA1c_ALP_with_error_reason_untestable_damaged" time="78.161"/>
  <testcase classname="Tims.Partial_Report_SOFT_1409_Test_Cases.TC_14_Verify_Partial_Test_Report_General_Health_Test_For_Biomarkers_HbA1c_FBC_ALT_GGT_with_Error_Untestable_Insufficient" name="TC_14_Verify_partial_test_report_general_health_test_for_biomarkers_HbA1c_FBC_ALT_GGT_with_error_untestable_insufficient" time="75.156"/>
  <testcase classname="Tims.Partial_Report_SOFT_1409_Test_Cases.TC_06_Verify_Partial_Test_Report_General_Health_Test_For_HbA1c_ALT_GGT_with_Error_Untestable_Clotted_sample_receipt" name="TC_06_Verify_partial_test_report_for_the_general_health_test_for_biomarkers_HbA1c_ALT_GGT_with_error_untestable_clotted_sample_receipt" time="77.914"/>
  <testcase classname="Tims.Partial_Report_SOFT_1409_Test_Cases.TC_17_Verify_Partial_Report_For_Weight_Management_Test_For_Biomarkers_FOL_HbA1c_with_Error_Reason_Inhibitory" name="TC_17_Verify_partial_report_for_weight_management_test_for_biomarkers_FOL_HbA1c_with_error_reason_inhibitory" time="76.376"/>
  <testcase classname="Tims.Partial_Report_SOFT_1409_Test_Cases.TC_12_Verify_Partial_Test_Report_General_Health_Test_For_Biomarkers_HbA1c_ALP_ALT_with_Error_Untestable_Misc" name="TC_12_Verify_partial_test_report_general_health_test_for_biomarkers_HbA1c_ALP_ALT_with_error_untestable_misc" time="80.699"/>
  <testcase classname="Tims.Partial_Report_SOFT_1409_Test_Cases.TC_01_Verify_Partial_Test_Report_General_Health_Test_HbA1c_with_Error_Untestable_Grossly_Haemolysed" name="TC_01_Verify_partial_test_reporting_for_the_general_health_test_specifically_for_the_biomarkers_HbA1c_with_error_reason_marked_as_untestable_grossly_haemolysed" time="75.318"/>
  <testcase classname="Tims.Partial_Report_SOFT_1409_Test_Cases.TC_07_Verify_Partial_Test_Report_General_Health_Test_For_Biomarkers_HbA1c_ALP_GGT_with_Error_Inhibitory" name="TC_07_Verify_partial_test_report_general_health_test_for_biomarkers_HbA1c_ALP_GGT_with_error_inhibitory" time="75.327"/>
  <testcase classname="Tims.Partial_Report_SOFT_1409_Test_Cases.TC_02_Verify_Partial_Test_Report_For_General_Health_Test_For_HbA1c_FBC_with_Error_Untestable_Misc_Post_Analytical" name="TC_02_Verify_partial_test_report_for_the_general_health_test_for_biomarkers_HbA1c_FBC_with_error_reason_untestable_misc_post_analytical" time="76.251"/>
  <testcase classname="Tims.Partial_Report_SOFT_1409_Test_Cases.TC_16_Verify_Partial_Test_Report_General_Health_Test_For_Biomarkers_HbA1c_FBC_ALP_GGT_with_Error_Untestable_Clotted" name="TC_16_Verify_partial_test_report_general_health_test_for_biomarkers_HbA1c_FBC_ALP_GGT_with_error_untestable_clotted" time="79.257"/>
  <testcase classname="Tims.Partial_Report_SOFT_1409_Test_Cases.TC_03_Verify_Partial_Test_Report_For_The_General_Health_Test_For_HbA1c_ALT_with_Error_Untestable_Grossly_Haemolysed" name="TC_03_Verify_partial_test_report_for_the_general_health_test_for_biomarkers_HbA1c_ALT_with_error_reason_untestable_grossly_Haemolysed" time="80.133"/>
  <testcase classname="Tims.Partial_Report_SOFT_1409_Test_Cases.TC_10_Verify_Partial_Test_Report_General_Health_Test_For_Biomarkers_HbA1c_GGT_FBC_with_Error_Untestable_Misc" name="TC_10_Verify_partial_test_report_general_health_test_for_biomarkers_HbA1c_GGT_FBC_with_error_untestable_misc" time="76.542"/>
  <testcase classname="Tims.Partial_Report_SOFT_1409_Test_Cases.TC_08_Verify_Partial_Test_Report_General_Health_Test_For_HbA1c_ALP_ALT_FBC_with_Error_Untestable_Misc" name="TC_08_Verify_partial_test_report_general_health_test_for_biomarkers_HbA1c_ALP_ALT_FBC_with_error_untestable_misc" time="76.41"/>
  <testcase classname="Tims.Partial_Report_SOFT_1409_Test_Cases.TC_18_Verify_Partial_Report_For_Erectile_Dysfunction_Test_For_HbA1c_with_Error_Untestable_Insufficient_Post_Analytical" name="TC_18_Verify_partial_test_reporting_for_the_erectile_dysfunction_test_specifically_for_the_biomarkers_HbA1c_with_error_reason_marked_as_untestable_insufficient_post_analytical" time="75.357"/>
  <testcase classname="Tims.Partial_Report_SOFT_1409_Test_Cases.TC_11_Verify_Partial_Test_Report_General_Health_Test_For_Biomarkers_HbA1c_ALP_FBC_with_Error_Untestable_Clotted" name="TC_11_Verify_partial_test_report_general_health_test_for_biomarkers_HbA1c_ALP_FBC_with_error_untestable_clotted" time="79.287"/>
  <testcase classname="Tims.Partial_Report_SOFT_1409_Test_Cases.TC_04_Verify_Partial_Test_Report_For_The_General_Health_Test_For_HbA1c_GGT_with_Error_Untestable_Insufficient_Sample_Receipt" name="TC_04_Verify_partial_test_report_for_the_general_health_test_for_biomarkers_HbA1c_GGT_with_error_reason_untestable_insufficient_sample_receipt" time="74.688"/>
  <testcase classname="initializer.BaseClass" name="@BeforeSuite beforeSuite" time="0.0">
    <ignored/>
  </testcase> <!-- @BeforeSuite beforeSuite -->
  <testcase classname="initializer.BaseClass" name="@AfterSuite afterSuite" time="0.0">
    <ignored/>
  </testcase> <!-- @AfterSuite afterSuite -->
  <testcase classname="initializer.BaseClass" name="@BeforeSuite beforeSuite" time="0.0">
    <ignored/>
  </testcase> <!-- @BeforeSuite beforeSuite -->
  <testcase classname="initializer.BaseClass" name="@BeforeSuite beforeSuite" time="0.0">
    <ignored/>
  </testcase> <!-- @BeforeSuite beforeSuite -->
  <testcase classname="initializer.BaseClass" name="@BeforeSuite beforeSuite" time="0.0">
    <ignored/>
  </testcase> <!-- @BeforeSuite beforeSuite -->
  <testcase classname="initializer.BaseClass" name="@AfterSuite afterSuite" time="0.0">
    <ignored/>
  </testcase> <!-- @AfterSuite afterSuite -->
  <testcase classname="initializer.BaseClass" name="@AfterSuite afterSuite" time="0.0">
    <ignored/>
  </testcase> <!-- @AfterSuite afterSuite -->
  <testcase classname="initializer.BaseClass" name="@AfterSuite afterSuite" time="0.0">
    <ignored/>
  </testcase> <!-- @AfterSuite afterSuite -->
  <testcase classname="initializer.BaseClass" name="@AfterSuite afterSuite" time="0.0">
    <ignored/>
  </testcase> <!-- @AfterSuite afterSuite -->
  <testcase classname="initializer.BaseClass" name="@AfterSuite afterSuite" time="0.0">
    <ignored/>
  </testcase> <!-- @AfterSuite afterSuite -->
  <testcase classname="initializer.BaseClass" name="@BeforeSuite beforeSuite" time="0.0">
    <ignored/>
  </testcase> <!-- @BeforeSuite beforeSuite -->
  <testcase classname="initializer.BaseClass" name="@AfterSuite afterSuite" time="0.0">
    <ignored/>
  </testcase> <!-- @AfterSuite afterSuite -->
  <testcase classname="initializer.BaseClass" name="@AfterSuite afterSuite" time="0.0">
    <ignored/>
  </testcase> <!-- @AfterSuite afterSuite -->
  <testcase classname="initializer.BaseClass" name="@BeforeSuite beforeSuite" time="0.0">
    <ignored/>
  </testcase> <!-- @BeforeSuite beforeSuite -->
  <testcase classname="initializer.BaseClass" name="@BeforeSuite beforeSuite" time="0.0">
    <ignored/>
  </testcase> <!-- @BeforeSuite beforeSuite -->
  <testcase classname="initializer.BaseClass" name="@BeforeSuite beforeSuite" time="0.0">
    <ignored/>
  </testcase> <!-- @BeforeSuite beforeSuite -->
  <testcase classname="initializer.BaseClass" name="@BeforeSuite beforeSuite" time="0.0">
    <ignored/>
  </testcase> <!-- @BeforeSuite beforeSuite -->
  <testcase classname="initializer.BaseClass" name="@BeforeSuite beforeSuite" time="0.0">
    <ignored/>
  </testcase> <!-- @BeforeSuite beforeSuite -->
  <testcase classname="initializer.BaseClass" name="@BeforeSuite beforeSuite" time="0.0">
    <ignored/>
  </testcase> <!-- @BeforeSuite beforeSuite -->
  <testcase classname="initializer.BaseClass" name="@AfterSuite afterSuite" time="0.0">
    <ignored/>
  </testcase> <!-- @AfterSuite afterSuite -->
  <testcase classname="initializer.BaseClass" name="@BeforeSuite beforeSuite" time="0.0">
    <ignored/>
  </testcase> <!-- @BeforeSuite beforeSuite -->
  <testcase classname="initializer.BaseClass" name="@BeforeSuite beforeSuite" time="0.0">
    <ignored/>
  </testcase> <!-- @BeforeSuite beforeSuite -->
  <testcase classname="initializer.BaseClass" name="@BeforeSuite beforeSuite" time="0.0">
    <ignored/>
  </testcase> <!-- @BeforeSuite beforeSuite -->
  <testcase classname="initializer.BaseClass" name="@AfterSuite afterSuite" time="0.0">
    <ignored/>
  </testcase> <!-- @AfterSuite afterSuite -->
  <testcase classname="initializer.BaseClass" name="@AfterSuite afterSuite" time="0.0">
    <ignored/>
  </testcase> <!-- @AfterSuite afterSuite -->
  <testcase classname="initializer.BaseClass" name="@BeforeSuite beforeSuite" time="0.0">
    <ignored/>
  </testcase> <!-- @BeforeSuite beforeSuite -->
  <testcase classname="initializer.BaseClass" name="@BeforeSuite beforeSuite" time="0.0">
    <ignored/>
  </testcase> <!-- @BeforeSuite beforeSuite -->
  <testcase classname="initializer.BaseClass" name="@AfterSuite afterSuite" time="0.0">
    <ignored/>
  </testcase> <!-- @AfterSuite afterSuite -->
  <testcase classname="initializer.BaseClass" name="@BeforeSuite beforeSuite" time="0.0">
    <ignored/>
  </testcase> <!-- @BeforeSuite beforeSuite -->
  <testcase classname="initializer.BaseClass" name="@BeforeSuite beforeSuite" time="0.0">
    <ignored/>
  </testcase> <!-- @BeforeSuite beforeSuite -->
  <testcase classname="initializer.BaseClass" name="@AfterSuite afterSuite" time="0.0">
    <ignored/>
  </testcase> <!-- @AfterSuite afterSuite -->
  <testcase classname="initializer.BaseClass" name="@AfterSuite afterSuite" time="0.0">
    <ignored/>
  </testcase> <!-- @AfterSuite afterSuite -->
  <testcase classname="initializer.BaseClass" name="@AfterSuite afterSuite" time="0.0">
    <ignored/>
  </testcase> <!-- @AfterSuite afterSuite -->
  <testcase classname="initializer.BaseClass" name="@AfterSuite afterSuite" time="0.0">
    <ignored/>
  </testcase> <!-- @AfterSuite afterSuite -->
  <testcase classname="initializer.BaseClass" name="@AfterSuite afterSuite" time="0.0">
    <ignored/>
  </testcase> <!-- @AfterSuite afterSuite -->
  <testcase classname="initializer.BaseClass" name="@AfterSuite afterSuite" time="0.0">
    <ignored/>
  </testcase> <!-- @AfterSuite afterSuite -->
</testsuite> <!-- Test -->
