<?xml version="1.0" encoding="UTF-8"?>
<testng-results ignored="36" total="55" passed="19" failed="0" skipped="0">
  <reporter-output>
  </reporter-output>
  <suite started-at="2025-10-14T16:38:41 IST" name="Suite" finished-at="2025-10-14T17:03:56 IST" duration-ms="1515310">
    <groups>
    </groups>
    <test started-at="2025-10-14T16:38:41 IST" name="Test" finished-at="2025-10-14T17:03:56 IST" duration-ms="1515310">
      <class name="Tims.Partial_Report_SOFT_1409_Test_Cases.TC_05_Verify_Partial_Test_Report_For_The_General_Health_Test_For_Biomarkers_HbA1c_ALP_with_Error_Untestable_Damaged">
        <test-method is-config="true" signature="beforeClass(org.testng.ITestContext)[pri:0, instance:Tims.Partial_Report_SOFT_1409_Test_Cases.TC_05_Verify_Partial_Test_Report_For_The_General_Health_Test_For_Biomarkers_HbA1c_ALP_with_Error_Untestable_Damaged@4c12331b]" started-at="2025-10-14T16:44:03 IST" name="beforeClass" finished-at="2025-10-14T16:44:06 IST" duration-ms="2421" status="PASS">
          <params>
            <param index="0">
              <value>
                <![CDATA[org.testng.TestRunner@7984e52]]>
              </value>
            </param>
          </params>
          <reporter-output>
          </reporter-output>
        </test-method> <!-- beforeClass -->
        <test-method is-config="true" signature="beforeEachMethod(java.lang.reflect.Method)[pri:0, instance:Tims.Partial_Report_SOFT_1409_Test_Cases.TC_05_Verify_Partial_Test_Report_For_The_General_Health_Test_For_Biomarkers_HbA1c_ALP_with_Error_Untestable_Damaged@4c12331b]" started-at="2025-10-14T16:44:06 IST" name="beforeEachMethod" finished-at="2025-10-14T16:44:06 IST" duration-ms="0" status="PASS">
          <params>
            <param index="0">
              <value>
                <![CDATA[public void Tims.Partial_Report_SOFT_1409_Test_Cases.TC_05_Verify_Partial_Test_Report_For_The_General_Health_Test_For_Biomarkers_HbA1c_ALP_with_Error_Untestable_Damaged.TC_05_Verify_partial_test_report_for_the_general_health_test_for_biomarkers_HbA1c_ALP_with_error_reason_untestable_damaged() throws java.lang.InterruptedException,java.io.IOException]]>
              </value>
            </param>
          </params>
          <reporter-output>
          </reporter-output>
        </test-method> <!-- beforeEachMethod -->
        <test-method signature="TC_05_Verify_partial_test_report_for_the_general_health_test_for_biomarkers_HbA1c_ALP_with_error_reason_untestable_damaged()[pri:0, instance:Tims.Partial_Report_SOFT_1409_Test_Cases.TC_05_Verify_Partial_Test_Report_For_The_General_Health_Test_For_Biomarkers_HbA1c_ALP_with_Error_Untestable_Damaged@4c12331b]" started-at="2025-10-14T16:44:06 IST" name="TC_05_Verify_partial_test_report_for_the_general_health_test_for_biomarkers_HbA1c_ALP_with_error_reason_untestable_damaged" finished-at="2025-10-14T16:45:24 IST" duration-ms="78161" status="PASS">
          <reporter-output>
          </reporter-output>
        </test-method> <!-- TC_05_Verify_partial_test_report_for_the_general_health_test_for_biomarkers_HbA1c_ALP_with_error_reason_untestable_damaged -->
        <test-method is-config="true" signature="afterEachMethod(org.testng.ITestResult)[pri:0, instance:Tims.Partial_Report_SOFT_1409_Test_Cases.TC_05_Verify_Partial_Test_Report_For_The_General_Health_Test_For_Biomarkers_HbA1c_ALP_with_Error_Untestable_Damaged@4c12331b]" started-at="2025-10-14T16:45:24 IST" name="afterEachMethod" finished-at="2025-10-14T16:45:24 IST" duration-ms="175" status="PASS">
          <params>
            <param index="0">
              <value>
                <![CDATA[[TestResult name=TC_05_Verify_partial_test_report_for_the_general_health_test_for_biomarkers_HbA1c_ALP_with_error_reason_untestable_damaged status=SUCCESS method=TC_05_Verify_Partial_Test_Report_For_The_General_Health_Test_For_Biomarkers_HbA1c_ALP_with_Error_Untestable_Damaged.TC_05_Verify_partial_test_report_for_the_general_health_test_for_biomarkers_HbA1c_ALP_with_error_reason_untestable_damaged()[pri:0, instance:Tims.Partial_Report_SOFT_1409_Test_Cases.TC_05_Verify_Partial_Test_Report_For_The_General_Health_Test_For_Biomarkers_HbA1c_ALP_with_Error_Untestable_Damaged@4c12331b] output={null}]]]>
              </value>
            </param>
          </params>
          <reporter-output>
          </reporter-output>
        </test-method> <!-- afterEachMethod -->
        <test-method is-config="true" signature="afterClass()[pri:0, instance:Tims.Partial_Report_SOFT_1409_Test_Cases.TC_05_Verify_Partial_Test_Report_For_The_General_Health_Test_For_Biomarkers_HbA1c_ALP_with_Error_Untestable_Damaged@4c12331b]" started-at="2025-10-14T16:45:24 IST" name="afterClass" finished-at="2025-10-14T16:45:24 IST" duration-ms="261" status="PASS">
          <reporter-output>
          </reporter-output>
        </test-method> <!-- afterClass -->
      </class> <!-- Tims.Partial_Report_SOFT_1409_Test_Cases.TC_05_Verify_Partial_Test_Report_For_The_General_Health_Test_For_Biomarkers_HbA1c_ALP_with_Error_Untestable_Damaged -->
      <class name="Tims.Partial_Report_SOFT_1409_Test_Cases.TC_08_Verify_Partial_Test_Report_General_Health_Test_For_HbA1c_ALP_ALT_FBC_with_Error_Untestable_Misc">
        <test-method is-config="true" signature="beforeClass(org.testng.ITestContext)[pri:0, instance:Tims.Partial_Report_SOFT_1409_Test_Cases.TC_08_Verify_Partial_Test_Report_General_Health_Test_For_HbA1c_ALP_ALT_FBC_with_Error_Untestable_Misc@2f4948e4]" started-at="2025-10-14T16:58:41 IST" name="beforeClass" finished-at="2025-10-14T16:58:43 IST" duration-ms="2054" status="PASS">
          <params>
            <param index="0">
              <value>
                <![CDATA[org.testng.TestRunner@7984e52]]>
              </value>
            </param>
          </params>
          <reporter-output>
          </reporter-output>
        </test-method> <!-- beforeClass -->
        <test-method signature="TC_08_Verify_partial_test_report_general_health_test_for_biomarkers_HbA1c_ALP_ALT_FBC_with_error_untestable_misc()[pri:0, instance:Tims.Partial_Report_SOFT_1409_Test_Cases.TC_08_Verify_Partial_Test_Report_General_Health_Test_For_HbA1c_ALP_ALT_FBC_with_Error_Untestable_Misc@2f4948e4]" started-at="2025-10-14T16:58:43 IST" name="TC_08_Verify_partial_test_report_general_health_test_for_biomarkers_HbA1c_ALP_ALT_FBC_with_error_untestable_misc" finished-at="2025-10-14T17:00:00 IST" duration-ms="76410" status="PASS">
          <reporter-output>
          </reporter-output>
        </test-method> <!-- TC_08_Verify_partial_test_report_general_health_test_for_biomarkers_HbA1c_ALP_ALT_FBC_with_error_untestable_misc -->
        <test-method is-config="true" signature="beforeEachMethod(java.lang.reflect.Method)[pri:0, instance:Tims.Partial_Report_SOFT_1409_Test_Cases.TC_08_Verify_Partial_Test_Report_General_Health_Test_For_HbA1c_ALP_ALT_FBC_with_Error_Untestable_Misc@2f4948e4]" started-at="2025-10-14T16:58:43 IST" name="beforeEachMethod" finished-at="2025-10-14T16:58:43 IST" duration-ms="0" status="PASS">
          <params>
            <param index="0">
              <value>
                <![CDATA[public void Tims.Partial_Report_SOFT_1409_Test_Cases.TC_08_Verify_Partial_Test_Report_General_Health_Test_For_HbA1c_ALP_ALT_FBC_with_Error_Untestable_Misc.TC_08_Verify_partial_test_report_general_health_test_for_biomarkers_HbA1c_ALP_ALT_FBC_with_error_untestable_misc() throws java.lang.InterruptedException,java.io.IOException]]>
              </value>
            </param>
          </params>
          <reporter-output>
          </reporter-output>
        </test-method> <!-- beforeEachMethod -->
        <test-method is-config="true" signature="afterEachMethod(org.testng.ITestResult)[pri:0, instance:Tims.Partial_Report_SOFT_1409_Test_Cases.TC_08_Verify_Partial_Test_Report_General_Health_Test_For_HbA1c_ALP_ALT_FBC_with_Error_Untestable_Misc@2f4948e4]" started-at="2025-10-14T17:00:00 IST" name="afterEachMethod" finished-at="2025-10-14T17:00:00 IST" duration-ms="147" status="PASS">
          <params>
            <param index="0">
              <value>
                <![CDATA[[TestResult name=TC_08_Verify_partial_test_report_general_health_test_for_biomarkers_HbA1c_ALP_ALT_FBC_with_error_untestable_misc status=SUCCESS method=TC_08_Verify_Partial_Test_Report_General_Health_Test_For_HbA1c_ALP_ALT_FBC_with_Error_Untestable_Misc.TC_08_Verify_partial_test_report_general_health_test_for_biomarkers_HbA1c_ALP_ALT_FBC_with_error_untestable_misc()[pri:0, instance:Tims.Partial_Report_SOFT_1409_Test_Cases.TC_08_Verify_Partial_Test_Report_General_Health_Test_For_HbA1c_ALP_ALT_FBC_with_Error_Untestable_Misc@2f4948e4] output={null}]]]>
              </value>
            </param>
          </params>
          <reporter-output>
          </reporter-output>
        </test-method> <!-- afterEachMethod -->
        <test-method is-config="true" signature="afterClass()[pri:0, instance:Tims.Partial_Report_SOFT_1409_Test_Cases.TC_08_Verify_Partial_Test_Report_General_Health_Test_For_HbA1c_ALP_ALT_FBC_with_Error_Untestable_Misc@2f4948e4]" started-at="2025-10-14T17:00:00 IST" name="afterClass" finished-at="2025-10-14T17:00:00 IST" duration-ms="246" status="PASS">
          <reporter-output>
          </reporter-output>
        </test-method> <!-- afterClass -->
      </class> <!-- Tims.Partial_Report_SOFT_1409_Test_Cases.TC_08_Verify_Partial_Test_Report_General_Health_Test_For_HbA1c_ALP_ALT_FBC_with_Error_Untestable_Misc -->
      <class name="Tims.Partial_Report_SOFT_1409_Test_Cases.TC_15_Verify_Partial_Report_For_General_Health_Test_Biomarkers_FBC_HbA1c_ALT_GGT_ALP_with_Error_Untestable_Clotted_Sample_Receipt">
        <test-method is-config="true" signature="beforeClass(org.testng.ITestContext)[pri:0, instance:Tims.Partial_Report_SOFT_1409_Test_Cases.TC_15_Verify_Partial_Report_For_General_Health_Test_Biomarkers_FBC_HbA1c_ALT_GGT_ALP_with_Error_Untestable_Clotted_Sample_Receipt@327514f]" started-at="2025-10-14T16:40:05 IST" name="beforeClass" finished-at="2025-10-14T16:40:07 IST" duration-ms="1856" status="PASS">
          <params>
            <param index="0">
              <value>
                <![CDATA[org.testng.TestRunner@7984e52]]>
              </value>
            </param>
          </params>
          <reporter-output>
          </reporter-output>
        </test-method> <!-- beforeClass -->
        <test-method is-config="true" signature="beforeEachMethod(java.lang.reflect.Method)[pri:0, instance:Tims.Partial_Report_SOFT_1409_Test_Cases.TC_15_Verify_Partial_Report_For_General_Health_Test_Biomarkers_FBC_HbA1c_ALT_GGT_ALP_with_Error_Untestable_Clotted_Sample_Receipt@327514f]" started-at="2025-10-14T16:40:07 IST" name="beforeEachMethod" finished-at="2025-10-14T16:40:07 IST" duration-ms="1" status="PASS">
          <params>
            <param index="0">
              <value>
                <![CDATA[public void Tims.Partial_Report_SOFT_1409_Test_Cases.TC_15_Verify_Partial_Report_For_General_Health_Test_Biomarkers_FBC_HbA1c_ALT_GGT_ALP_with_Error_Untestable_Clotted_Sample_Receipt.TC_15_Verify_partial_test_reporting_for_the_general_health_test_specifically_for_the_biomarkers_FBC_HbA1c_ALT_GGT_ALP_with_error_reason_marked_as_untestable_clotted_sample_receipt() throws java.lang.InterruptedException,java.io.IOException]]>
              </value>
            </param>
          </params>
          <reporter-output>
          </reporter-output>
        </test-method> <!-- beforeEachMethod -->
        <test-method signature="TC_15_Verify_partial_test_reporting_for_the_general_health_test_specifically_for_the_biomarkers_FBC_HbA1c_ALT_GGT_ALP_with_error_reason_marked_as_untestable_clotted_sample_receipt()[pri:0, instance:Tims.Partial_Report_SOFT_1409_Test_Cases.TC_15_Verify_Partial_Report_For_General_Health_Test_Biomarkers_FBC_HbA1c_ALT_GGT_ALP_with_Error_Untestable_Clotted_Sample_Receipt@327514f]" started-at="2025-10-14T16:40:07 IST" name="TC_15_Verify_partial_test_reporting_for_the_general_health_test_specifically_for_the_biomarkers_FBC_HbA1c_ALT_GGT_ALP_with_error_reason_marked_as_untestable_clotted_sample_receipt" finished-at="2025-10-14T16:41:24 IST" duration-ms="77280" status="PASS">
          <reporter-output>
          </reporter-output>
        </test-method> <!-- TC_15_Verify_partial_test_reporting_for_the_general_health_test_specifically_for_the_biomarkers_FBC_HbA1c_ALT_GGT_ALP_with_error_reason_marked_as_untestable_clotted_sample_receipt -->
        <test-method is-config="true" signature="afterEachMethod(org.testng.ITestResult)[pri:0, instance:Tims.Partial_Report_SOFT_1409_Test_Cases.TC_15_Verify_Partial_Report_For_General_Health_Test_Biomarkers_FBC_HbA1c_ALT_GGT_ALP_with_Error_Untestable_Clotted_Sample_Receipt@327514f]" started-at="2025-10-14T16:41:24 IST" name="afterEachMethod" finished-at="2025-10-14T16:41:24 IST" duration-ms="201" status="PASS">
          <params>
            <param index="0">
              <value>
                <![CDATA[[TestResult name=TC_15_Verify_partial_test_reporting_for_the_general_health_test_specifically_for_the_biomarkers_FBC_HbA1c_ALT_GGT_ALP_with_error_reason_marked_as_untestable_clotted_sample_receipt status=SUCCESS method=TC_15_Verify_Partial_Report_For_General_Health_Test_Biomarkers_FBC_HbA1c_ALT_GGT_ALP_with_Error_Untestable_Clotted_Sample_Receipt.TC_15_Verify_partial_test_reporting_for_the_general_health_test_specifically_for_the_biomarkers_FBC_HbA1c_ALT_GGT_ALP_with_error_reason_marked_as_untestable_clotted_sample_receipt()[pri:0, instance:Tims.Partial_Report_SOFT_1409_Test_Cases.TC_15_Verify_Partial_Report_For_General_Health_Test_Biomarkers_FBC_HbA1c_ALT_GGT_ALP_with_Error_Untestable_Clotted_Sample_Receipt@327514f] output={null}]]]>
              </value>
            </param>
          </params>
          <reporter-output>
          </reporter-output>
        </test-method> <!-- afterEachMethod -->
        <test-method is-config="true" signature="afterClass()[pri:0, instance:Tims.Partial_Report_SOFT_1409_Test_Cases.TC_15_Verify_Partial_Report_For_General_Health_Test_Biomarkers_FBC_HbA1c_ALT_GGT_ALP_with_Error_Untestable_Clotted_Sample_Receipt@327514f]" started-at="2025-10-14T16:41:24 IST" name="afterClass" finished-at="2025-10-14T16:41:25 IST" duration-ms="243" status="PASS">
          <reporter-output>
          </reporter-output>
        </test-method> <!-- afterClass -->
      </class> <!-- Tims.Partial_Report_SOFT_1409_Test_Cases.TC_15_Verify_Partial_Report_For_General_Health_Test_Biomarkers_FBC_HbA1c_ALT_GGT_ALP_with_Error_Untestable_Clotted_Sample_Receipt -->
      <class name="Tims.Partial_Report_SOFT_1409_Test_Cases.TC_03_Verify_Partial_Test_Report_For_The_General_Health_Test_For_HbA1c_ALT_with_Error_Untestable_Grossly_Haemolysed">
        <test-method is-config="true" signature="beforeClass(org.testng.ITestContext)[pri:0, instance:Tims.Partial_Report_SOFT_1409_Test_Cases.TC_03_Verify_Partial_Test_Report_For_The_General_Health_Test_For_HbA1c_ALT_with_Error_Untestable_Grossly_Haemolysed@dd05255]" started-at="2025-10-14T16:56:00 IST" name="beforeClass" finished-at="2025-10-14T16:56:02 IST" duration-ms="1804" status="PASS">
          <params>
            <param index="0">
              <value>
                <![CDATA[org.testng.TestRunner@7984e52]]>
              </value>
            </param>
          </params>
          <reporter-output>
          </reporter-output>
        </test-method> <!-- beforeClass -->
        <test-method is-config="true" signature="beforeEachMethod(java.lang.reflect.Method)[pri:0, instance:Tims.Partial_Report_SOFT_1409_Test_Cases.TC_03_Verify_Partial_Test_Report_For_The_General_Health_Test_For_HbA1c_ALT_with_Error_Untestable_Grossly_Haemolysed@dd05255]" started-at="2025-10-14T16:56:02 IST" name="beforeEachMethod" finished-at="2025-10-14T16:56:02 IST" duration-ms="0" status="PASS">
          <params>
            <param index="0">
              <value>
                <![CDATA[public void Tims.Partial_Report_SOFT_1409_Test_Cases.TC_03_Verify_Partial_Test_Report_For_The_General_Health_Test_For_HbA1c_ALT_with_Error_Untestable_Grossly_Haemolysed.TC_03_Verify_partial_test_report_for_the_general_health_test_for_biomarkers_HbA1c_ALT_with_error_reason_untestable_grossly_Haemolysed() throws java.lang.InterruptedException,java.io.IOException]]>
              </value>
            </param>
          </params>
          <reporter-output>
          </reporter-output>
        </test-method> <!-- beforeEachMethod -->
        <test-method signature="TC_03_Verify_partial_test_report_for_the_general_health_test_for_biomarkers_HbA1c_ALT_with_error_reason_untestable_grossly_Haemolysed()[pri:0, instance:Tims.Partial_Report_SOFT_1409_Test_Cases.TC_03_Verify_Partial_Test_Report_For_The_General_Health_Test_For_HbA1c_ALT_with_Error_Untestable_Grossly_Haemolysed@dd05255]" started-at="2025-10-14T16:56:02 IST" name="TC_03_Verify_partial_test_report_for_the_general_health_test_for_biomarkers_HbA1c_ALT_with_error_reason_untestable_grossly_Haemolysed" finished-at="2025-10-14T16:57:22 IST" duration-ms="80133" status="PASS">
          <reporter-output>
          </reporter-output>
        </test-method> <!-- TC_03_Verify_partial_test_report_for_the_general_health_test_for_biomarkers_HbA1c_ALT_with_error_reason_untestable_grossly_Haemolysed -->
        <test-method is-config="true" signature="afterEachMethod(org.testng.ITestResult)[pri:0, instance:Tims.Partial_Report_SOFT_1409_Test_Cases.TC_03_Verify_Partial_Test_Report_For_The_General_Health_Test_For_HbA1c_ALT_with_Error_Untestable_Grossly_Haemolysed@dd05255]" started-at="2025-10-14T16:57:22 IST" name="afterEachMethod" finished-at="2025-10-14T16:57:22 IST" duration-ms="110" status="PASS">
          <params>
            <param index="0">
              <value>
                <![CDATA[[TestResult name=TC_03_Verify_partial_test_report_for_the_general_health_test_for_biomarkers_HbA1c_ALT_with_error_reason_untestable_grossly_Haemolysed status=SUCCESS method=TC_03_Verify_Partial_Test_Report_For_The_General_Health_Test_For_HbA1c_ALT_with_Error_Untestable_Grossly_Haemolysed.TC_03_Verify_partial_test_report_for_the_general_health_test_for_biomarkers_HbA1c_ALT_with_error_reason_untestable_grossly_Haemolysed()[pri:0, instance:Tims.Partial_Report_SOFT_1409_Test_Cases.TC_03_Verify_Partial_Test_Report_For_The_General_Health_Test_For_HbA1c_ALT_with_Error_Untestable_Grossly_Haemolysed@dd05255] output={null}]]]>
              </value>
            </param>
          </params>
          <reporter-output>
          </reporter-output>
        </test-method> <!-- afterEachMethod -->
        <test-method is-config="true" signature="afterClass()[pri:0, instance:Tims.Partial_Report_SOFT_1409_Test_Cases.TC_03_Verify_Partial_Test_Report_For_The_General_Health_Test_For_HbA1c_ALT_with_Error_Untestable_Grossly_Haemolysed@dd05255]" started-at="2025-10-14T16:57:22 IST" name="afterClass" finished-at="2025-10-14T16:57:22 IST" duration-ms="294" status="PASS">
          <reporter-output>
          </reporter-output>
        </test-method> <!-- afterClass -->
      </class> <!-- Tims.Partial_Report_SOFT_1409_Test_Cases.TC_03_Verify_Partial_Test_Report_For_The_General_Health_Test_For_HbA1c_ALT_with_Error_Untestable_Grossly_Haemolysed -->
      <class name="Tims.Partial_Report_SOFT_1409_Test_Cases.TC_10_Verify_Partial_Test_Report_General_Health_Test_For_Biomarkers_HbA1c_GGT_FBC_with_Error_Untestable_Misc">
        <test-method is-config="true" signature="beforeClass(org.testng.ITestContext)[pri:0, instance:Tims.Partial_Report_SOFT_1409_Test_Cases.TC_10_Verify_Partial_Test_Report_General_Health_Test_For_Biomarkers_HbA1c_GGT_FBC_with_Error_Untestable_Misc@6a78afa0]" started-at="2025-10-14T16:57:22 IST" name="beforeClass" finished-at="2025-10-14T16:57:24 IST" duration-ms="1953" status="PASS">
          <params>
            <param index="0">
              <value>
                <![CDATA[org.testng.TestRunner@7984e52]]>
              </value>
            </param>
          </params>
          <reporter-output>
          </reporter-output>
        </test-method> <!-- beforeClass -->
        <test-method is-config="true" signature="beforeEachMethod(java.lang.reflect.Method)[pri:0, instance:Tims.Partial_Report_SOFT_1409_Test_Cases.TC_10_Verify_Partial_Test_Report_General_Health_Test_For_Biomarkers_HbA1c_GGT_FBC_with_Error_Untestable_Misc@6a78afa0]" started-at="2025-10-14T16:57:24 IST" name="beforeEachMethod" finished-at="2025-10-14T16:57:24 IST" duration-ms="2" status="PASS">
          <params>
            <param index="0">
              <value>
                <![CDATA[public void Tims.Partial_Report_SOFT_1409_Test_Cases.TC_10_Verify_Partial_Test_Report_General_Health_Test_For_Biomarkers_HbA1c_GGT_FBC_with_Error_Untestable_Misc.TC_10_Verify_partial_test_report_general_health_test_for_biomarkers_HbA1c_GGT_FBC_with_error_untestable_misc() throws java.lang.InterruptedException,java.io.IOException]]>
              </value>
            </param>
          </params>
          <reporter-output>
          </reporter-output>
        </test-method> <!-- beforeEachMethod -->
        <test-method signature="TC_10_Verify_partial_test_report_general_health_test_for_biomarkers_HbA1c_GGT_FBC_with_error_untestable_misc()[pri:0, instance:Tims.Partial_Report_SOFT_1409_Test_Cases.TC_10_Verify_Partial_Test_Report_General_Health_Test_For_Biomarkers_HbA1c_GGT_FBC_with_Error_Untestable_Misc@6a78afa0]" started-at="2025-10-14T16:57:24 IST" name="TC_10_Verify_partial_test_report_general_health_test_for_biomarkers_HbA1c_GGT_FBC_with_error_untestable_misc" finished-at="2025-10-14T16:58:41 IST" duration-ms="76542" status="PASS">
          <reporter-output>
          </reporter-output>
        </test-method> <!-- TC_10_Verify_partial_test_report_general_health_test_for_biomarkers_HbA1c_GGT_FBC_with_error_untestable_misc -->
        <test-method is-config="true" signature="afterEachMethod(org.testng.ITestResult)[pri:0, instance:Tims.Partial_Report_SOFT_1409_Test_Cases.TC_10_Verify_Partial_Test_Report_General_Health_Test_For_Biomarkers_HbA1c_GGT_FBC_with_Error_Untestable_Misc@6a78afa0]" started-at="2025-10-14T16:58:41 IST" name="afterEachMethod" finished-at="2025-10-14T16:58:41 IST" duration-ms="143" status="PASS">
          <params>
            <param index="0">
              <value>
                <![CDATA[[TestResult name=TC_10_Verify_partial_test_report_general_health_test_for_biomarkers_HbA1c_GGT_FBC_with_error_untestable_misc status=SUCCESS method=TC_10_Verify_Partial_Test_Report_General_Health_Test_For_Biomarkers_HbA1c_GGT_FBC_with_Error_Untestable_Misc.TC_10_Verify_partial_test_report_general_health_test_for_biomarkers_HbA1c_GGT_FBC_with_error_untestable_misc()[pri:0, instance:Tims.Partial_Report_SOFT_1409_Test_Cases.TC_10_Verify_Partial_Test_Report_General_Health_Test_For_Biomarkers_HbA1c_GGT_FBC_with_Error_Untestable_Misc@6a78afa0] output={null}]]]>
              </value>
            </param>
          </params>
          <reporter-output>
          </reporter-output>
        </test-method> <!-- afterEachMethod -->
        <test-method is-config="true" signature="afterClass()[pri:0, instance:Tims.Partial_Report_SOFT_1409_Test_Cases.TC_10_Verify_Partial_Test_Report_General_Health_Test_For_Biomarkers_HbA1c_GGT_FBC_with_Error_Untestable_Misc@6a78afa0]" started-at="2025-10-14T16:58:41 IST" name="afterClass" finished-at="2025-10-14T16:58:41 IST" duration-ms="251" status="PASS">
          <reporter-output>
          </reporter-output>
        </test-method> <!-- afterClass -->
      </class> <!-- Tims.Partial_Report_SOFT_1409_Test_Cases.TC_10_Verify_Partial_Test_Report_General_Health_Test_For_Biomarkers_HbA1c_GGT_FBC_with_Error_Untestable_Misc -->
      <class name="Tims.Partial_Report_SOFT_1409_Test_Cases.TC_18_Verify_Partial_Report_For_Erectile_Dysfunction_Test_For_HbA1c_with_Error_Untestable_Insufficient_Post_Analytical">
        <test-method is-config="true" signature="beforeClass(org.testng.ITestContext)[pri:0, instance:Tims.Partial_Report_SOFT_1409_Test_Cases.TC_18_Verify_Partial_Report_For_Erectile_Dysfunction_Test_For_HbA1c_with_Error_Untestable_Insufficient_Post_Analytical@1f2586d6]" started-at="2025-10-14T17:00:00 IST" name="beforeClass" finished-at="2025-10-14T17:00:02 IST" duration-ms="2014" status="PASS">
          <params>
            <param index="0">
              <value>
                <![CDATA[org.testng.TestRunner@7984e52]]>
              </value>
            </param>
          </params>
          <reporter-output>
          </reporter-output>
        </test-method> <!-- beforeClass -->
        <test-method is-config="true" signature="beforeEachMethod(java.lang.reflect.Method)[pri:0, instance:Tims.Partial_Report_SOFT_1409_Test_Cases.TC_18_Verify_Partial_Report_For_Erectile_Dysfunction_Test_For_HbA1c_with_Error_Untestable_Insufficient_Post_Analytical@1f2586d6]" started-at="2025-10-14T17:00:02 IST" name="beforeEachMethod" finished-at="2025-10-14T17:00:02 IST" duration-ms="0" status="PASS">
          <params>
            <param index="0">
              <value>
                <![CDATA[public void Tims.Partial_Report_SOFT_1409_Test_Cases.TC_18_Verify_Partial_Report_For_Erectile_Dysfunction_Test_For_HbA1c_with_Error_Untestable_Insufficient_Post_Analytical.TC_18_Verify_partial_test_reporting_for_the_erectile_dysfunction_test_specifically_for_the_biomarkers_HbA1c_with_error_reason_marked_as_untestable_insufficient_post_analytical() throws java.lang.InterruptedException,java.io.IOException]]>
              </value>
            </param>
          </params>
          <reporter-output>
          </reporter-output>
        </test-method> <!-- beforeEachMethod -->
        <test-method signature="TC_18_Verify_partial_test_reporting_for_the_erectile_dysfunction_test_specifically_for_the_biomarkers_HbA1c_with_error_reason_marked_as_untestable_insufficient_post_analytical()[pri:0, instance:Tims.Partial_Report_SOFT_1409_Test_Cases.TC_18_Verify_Partial_Report_For_Erectile_Dysfunction_Test_For_HbA1c_with_Error_Untestable_Insufficient_Post_Analytical@1f2586d6]" started-at="2025-10-14T17:00:02 IST" name="TC_18_Verify_partial_test_reporting_for_the_erectile_dysfunction_test_specifically_for_the_biomarkers_HbA1c_with_error_reason_marked_as_untestable_insufficient_post_analytical" finished-at="2025-10-14T17:01:17 IST" duration-ms="75357" status="PASS">
          <reporter-output>
          </reporter-output>
        </test-method> <!-- TC_18_Verify_partial_test_reporting_for_the_erectile_dysfunction_test_specifically_for_the_biomarkers_HbA1c_with_error_reason_marked_as_untestable_insufficient_post_analytical -->
        <test-method is-config="true" signature="afterEachMethod(org.testng.ITestResult)[pri:0, instance:Tims.Partial_Report_SOFT_1409_Test_Cases.TC_18_Verify_Partial_Report_For_Erectile_Dysfunction_Test_For_HbA1c_with_Error_Untestable_Insufficient_Post_Analytical@1f2586d6]" started-at="2025-10-14T17:01:17 IST" name="afterEachMethod" finished-at="2025-10-14T17:01:17 IST" duration-ms="125" status="PASS">
          <params>
            <param index="0">
              <value>
                <![CDATA[[TestResult name=TC_18_Verify_partial_test_reporting_for_the_erectile_dysfunction_test_specifically_for_the_biomarkers_HbA1c_with_error_reason_marked_as_untestable_insufficient_post_analytical status=SUCCESS method=TC_18_Verify_Partial_Report_For_Erectile_Dysfunction_Test_For_HbA1c_with_Error_Untestable_Insufficient_Post_Analytical.TC_18_Verify_partial_test_reporting_for_the_erectile_dysfunction_test_specifically_for_the_biomarkers_HbA1c_with_error_reason_marked_as_untestable_insufficient_post_analytical()[pri:0, instance:Tims.Partial_Report_SOFT_1409_Test_Cases.TC_18_Verify_Partial_Report_For_Erectile_Dysfunction_Test_For_HbA1c_with_Error_Untestable_Insufficient_Post_Analytical@1f2586d6] output={null}]]]>
              </value>
            </param>
          </params>
          <reporter-output>
          </reporter-output>
        </test-method> <!-- afterEachMethod -->
        <test-method is-config="true" signature="afterClass()[pri:0, instance:Tims.Partial_Report_SOFT_1409_Test_Cases.TC_18_Verify_Partial_Report_For_Erectile_Dysfunction_Test_For_HbA1c_with_Error_Untestable_Insufficient_Post_Analytical@1f2586d6]" started-at="2025-10-14T17:01:17 IST" name="afterClass" finished-at="2025-10-14T17:01:18 IST" duration-ms="261" status="PASS">
          <reporter-output>
          </reporter-output>
        </test-method> <!-- afterClass -->
      </class> <!-- Tims.Partial_Report_SOFT_1409_Test_Cases.TC_18_Verify_Partial_Report_For_Erectile_Dysfunction_Test_For_HbA1c_with_Error_Untestable_Insufficient_Post_Analytical -->
      <class name="Tims.Partial_Report_SOFT_1409_Test_Cases.TC_19_Verify_Partial_Report_For_Heart_Profile_Test_HbA1c_Error_Untestable_Insufficient_Post_Analytical">
        <test-method is-config="true" signature="beforeSuite(org.testng.ITestContext)[pri:0, instance:Tims.Partial_Report_SOFT_1409_Test_Cases.TC_19_Verify_Partial_Report_For_Heart_Profile_Test_HbA1c_Error_Untestable_Insufficient_Post_Analytical@38425407]" started-at="2025-10-14T16:38:41 IST" name="beforeSuite" finished-at="2025-10-14T16:38:41 IST" duration-ms="219" status="PASS">
          <params>
            <param index="0">
              <value>
                <![CDATA[org.testng.TestRunner@7984e52]]>
              </value>
            </param>
          </params>
          <reporter-output>
          </reporter-output>
        </test-method> <!-- beforeSuite -->
        <test-method is-config="true" signature="beforeClass(org.testng.ITestContext)[pri:0, instance:Tims.Partial_Report_SOFT_1409_Test_Cases.TC_19_Verify_Partial_Report_For_Heart_Profile_Test_HbA1c_Error_Untestable_Insufficient_Post_Analytical@38425407]" started-at="2025-10-14T16:38:41 IST" name="beforeClass" finished-at="2025-10-14T16:38:44 IST" duration-ms="3054" status="PASS">
          <params>
            <param index="0">
              <value>
                <![CDATA[org.testng.TestRunner@7984e52]]>
              </value>
            </param>
          </params>
          <reporter-output>
          </reporter-output>
        </test-method> <!-- beforeClass -->
        <test-method is-config="true" signature="beforeEachMethod(java.lang.reflect.Method)[pri:0, instance:Tims.Partial_Report_SOFT_1409_Test_Cases.TC_19_Verify_Partial_Report_For_Heart_Profile_Test_HbA1c_Error_Untestable_Insufficient_Post_Analytical@38425407]" started-at="2025-10-14T16:38:44 IST" name="beforeEachMethod" finished-at="2025-10-14T16:38:44 IST" duration-ms="10" status="PASS">
          <params>
            <param index="0">
              <value>
                <![CDATA[public void Tims.Partial_Report_SOFT_1409_Test_Cases.TC_19_Verify_Partial_Report_For_Heart_Profile_Test_HbA1c_Error_Untestable_Insufficient_Post_Analytical.TC_19_Verify_partial_report_for_heart_profile_test_for_biomarkers_HbA1c_with_error_reason_untestable_insufficient_post_analytical() throws java.lang.InterruptedException,java.io.IOException]]>
              </value>
            </param>
          </params>
          <reporter-output>
          </reporter-output>
        </test-method> <!-- beforeEachMethod -->
        <test-method signature="TC_19_Verify_partial_report_for_heart_profile_test_for_biomarkers_HbA1c_with_error_reason_untestable_insufficient_post_analytical()[pri:0, instance:Tims.Partial_Report_SOFT_1409_Test_Cases.TC_19_Verify_Partial_Report_For_Heart_Profile_Test_HbA1c_Error_Untestable_Insufficient_Post_Analytical@38425407]" started-at="2025-10-14T16:38:44 IST" name="TC_19_Verify_partial_report_for_heart_profile_test_for_biomarkers_HbA1c_with_error_reason_untestable_insufficient_post_analytical" finished-at="2025-10-14T16:40:05 IST" duration-ms="80477" status="PASS">
          <reporter-output>
          </reporter-output>
        </test-method> <!-- TC_19_Verify_partial_report_for_heart_profile_test_for_biomarkers_HbA1c_with_error_reason_untestable_insufficient_post_analytical -->
        <test-method is-config="true" signature="afterEachMethod(org.testng.ITestResult)[pri:0, instance:Tims.Partial_Report_SOFT_1409_Test_Cases.TC_19_Verify_Partial_Report_For_Heart_Profile_Test_HbA1c_Error_Untestable_Insufficient_Post_Analytical@38425407]" started-at="2025-10-14T16:40:05 IST" name="afterEachMethod" finished-at="2025-10-14T16:40:05 IST" duration-ms="359" status="PASS">
          <params>
            <param index="0">
              <value>
                <![CDATA[[TestResult name=TC_19_Verify_partial_report_for_heart_profile_test_for_biomarkers_HbA1c_with_error_reason_untestable_insufficient_post_analytical status=SUCCESS method=TC_19_Verify_Partial_Report_For_Heart_Profile_Test_HbA1c_Error_Untestable_Insufficient_Post_Analytical.TC_19_Verify_partial_report_for_heart_profile_test_for_biomarkers_HbA1c_with_error_reason_untestable_insufficient_post_analytical()[pri:0, instance:Tims.Partial_Report_SOFT_1409_Test_Cases.TC_19_Verify_Partial_Report_For_Heart_Profile_Test_HbA1c_Error_Untestable_Insufficient_Post_Analytical@38425407] output={null}]]]>
              </value>
            </param>
          </params>
          <reporter-output>
          </reporter-output>
        </test-method> <!-- afterEachMethod -->
        <test-method is-config="true" signature="afterClass()[pri:0, instance:Tims.Partial_Report_SOFT_1409_Test_Cases.TC_19_Verify_Partial_Report_For_Heart_Profile_Test_HbA1c_Error_Untestable_Insufficient_Post_Analytical@38425407]" started-at="2025-10-14T16:40:05 IST" name="afterClass" finished-at="2025-10-14T16:40:05 IST" duration-ms="255" status="PASS">
          <reporter-output>
          </reporter-output>
        </test-method> <!-- afterClass -->
        <test-method is-config="true" signature="afterSuite()[pri:0, instance:Tims.Partial_Report_SOFT_1409_Test_Cases.TC_19_Verify_Partial_Report_For_Heart_Profile_Test_HbA1c_Error_Untestable_Insufficient_Post_Analytical@38425407]" started-at="2025-10-14T17:03:56 IST" name="afterSuite" finished-at="2025-10-14T17:03:56 IST" duration-ms="184" status="PASS">
          <reporter-output>
          </reporter-output>
        </test-method> <!-- afterSuite -->
      </class> <!-- Tims.Partial_Report_SOFT_1409_Test_Cases.TC_19_Verify_Partial_Report_For_Heart_Profile_Test_HbA1c_Error_Untestable_Insufficient_Post_Analytical -->
      <class name="Tims.Partial_Report_SOFT_1409_Test_Cases.TC_07_Verify_Partial_Test_Report_General_Health_Test_For_Biomarkers_HbA1c_ALP_GGT_with_Error_Inhibitory">
        <test-method is-config="true" signature="beforeClass(org.testng.ITestContext)[pri:0, instance:Tims.Partial_Report_SOFT_1409_Test_Cases.TC_07_Verify_Partial_Test_Report_General_Health_Test_For_Biomarkers_HbA1c_ALP_GGT_with_Error_Inhibitory@6150c3ec]" started-at="2025-10-14T16:52:02 IST" name="beforeClass" finished-at="2025-10-14T16:52:04 IST" duration-ms="1924" status="PASS">
          <params>
            <param index="0">
              <value>
                <![CDATA[org.testng.TestRunner@7984e52]]>
              </value>
            </param>
          </params>
          <reporter-output>
          </reporter-output>
        </test-method> <!-- beforeClass -->
        <test-method is-config="true" signature="beforeEachMethod(java.lang.reflect.Method)[pri:0, instance:Tims.Partial_Report_SOFT_1409_Test_Cases.TC_07_Verify_Partial_Test_Report_General_Health_Test_For_Biomarkers_HbA1c_ALP_GGT_with_Error_Inhibitory@6150c3ec]" started-at="2025-10-14T16:52:04 IST" name="beforeEachMethod" finished-at="2025-10-14T16:52:04 IST" duration-ms="0" status="PASS">
          <params>
            <param index="0">
              <value>
                <![CDATA[public void Tims.Partial_Report_SOFT_1409_Test_Cases.TC_07_Verify_Partial_Test_Report_General_Health_Test_For_Biomarkers_HbA1c_ALP_GGT_with_Error_Inhibitory.TC_07_Verify_partial_test_report_general_health_test_for_biomarkers_HbA1c_ALP_GGT_with_error_inhibitory() throws java.lang.InterruptedException,java.io.IOException]]>
              </value>
            </param>
          </params>
          <reporter-output>
          </reporter-output>
        </test-method> <!-- beforeEachMethod -->
        <test-method signature="TC_07_Verify_partial_test_report_general_health_test_for_biomarkers_HbA1c_ALP_GGT_with_error_inhibitory()[pri:0, instance:Tims.Partial_Report_SOFT_1409_Test_Cases.TC_07_Verify_Partial_Test_Report_General_Health_Test_For_Biomarkers_HbA1c_ALP_GGT_with_Error_Inhibitory@6150c3ec]" started-at="2025-10-14T16:52:04 IST" name="TC_07_Verify_partial_test_report_general_health_test_for_biomarkers_HbA1c_ALP_GGT_with_error_inhibitory" finished-at="2025-10-14T16:53:19 IST" duration-ms="75327" status="PASS">
          <reporter-output>
          </reporter-output>
        </test-method> <!-- TC_07_Verify_partial_test_report_general_health_test_for_biomarkers_HbA1c_ALP_GGT_with_error_inhibitory -->
        <test-method is-config="true" signature="afterEachMethod(org.testng.ITestResult)[pri:0, instance:Tims.Partial_Report_SOFT_1409_Test_Cases.TC_07_Verify_Partial_Test_Report_General_Health_Test_For_Biomarkers_HbA1c_ALP_GGT_with_Error_Inhibitory@6150c3ec]" started-at="2025-10-14T16:53:19 IST" name="afterEachMethod" finished-at="2025-10-14T16:53:19 IST" duration-ms="165" status="PASS">
          <params>
            <param index="0">
              <value>
                <![CDATA[[TestResult name=TC_07_Verify_partial_test_report_general_health_test_for_biomarkers_HbA1c_ALP_GGT_with_error_inhibitory status=SUCCESS method=TC_07_Verify_Partial_Test_Report_General_Health_Test_For_Biomarkers_HbA1c_ALP_GGT_with_Error_Inhibitory.TC_07_Verify_partial_test_report_general_health_test_for_biomarkers_HbA1c_ALP_GGT_with_error_inhibitory()[pri:0, instance:Tims.Partial_Report_SOFT_1409_Test_Cases.TC_07_Verify_Partial_Test_Report_General_Health_Test_For_Biomarkers_HbA1c_ALP_GGT_with_Error_Inhibitory@6150c3ec] output={null}]]]>
              </value>
            </param>
          </params>
          <reporter-output>
          </reporter-output>
        </test-method> <!-- afterEachMethod -->
        <test-method is-config="true" signature="afterClass()[pri:0, instance:Tims.Partial_Report_SOFT_1409_Test_Cases.TC_07_Verify_Partial_Test_Report_General_Health_Test_For_Biomarkers_HbA1c_ALP_GGT_with_Error_Inhibitory@6150c3ec]" started-at="2025-10-14T16:53:19 IST" name="afterClass" finished-at="2025-10-14T16:53:19 IST" duration-ms="260" status="PASS">
          <reporter-output>
          </reporter-output>
        </test-method> <!-- afterClass -->
      </class> <!-- Tims.Partial_Report_SOFT_1409_Test_Cases.TC_07_Verify_Partial_Test_Report_General_Health_Test_For_Biomarkers_HbA1c_ALP_GGT_with_Error_Inhibitory -->
      <class name="Tims.Partial_Report_SOFT_1409_Test_Cases.TC_11_Verify_Partial_Test_Report_General_Health_Test_For_Biomarkers_HbA1c_ALP_FBC_with_Error_Untestable_Clotted">
        <test-method is-config="true" signature="beforeClass(org.testng.ITestContext)[pri:0, instance:Tims.Partial_Report_SOFT_1409_Test_Cases.TC_11_Verify_Partial_Test_Report_General_Health_Test_For_Biomarkers_HbA1c_ALP_FBC_with_Error_Untestable_Clotted@10683d9d]" started-at="2025-10-14T17:01:18 IST" name="beforeClass" finished-at="2025-10-14T17:01:20 IST" duration-ms="1913" status="PASS">
          <params>
            <param index="0">
              <value>
                <![CDATA[org.testng.TestRunner@7984e52]]>
              </value>
            </param>
          </params>
          <reporter-output>
          </reporter-output>
        </test-method> <!-- beforeClass -->
        <test-method is-config="true" signature="beforeEachMethod(java.lang.reflect.Method)[pri:0, instance:Tims.Partial_Report_SOFT_1409_Test_Cases.TC_11_Verify_Partial_Test_Report_General_Health_Test_For_Biomarkers_HbA1c_ALP_FBC_with_Error_Untestable_Clotted@10683d9d]" started-at="2025-10-14T17:01:20 IST" name="beforeEachMethod" finished-at="2025-10-14T17:01:20 IST" duration-ms="1" status="PASS">
          <params>
            <param index="0">
              <value>
                <![CDATA[public void Tims.Partial_Report_SOFT_1409_Test_Cases.TC_11_Verify_Partial_Test_Report_General_Health_Test_For_Biomarkers_HbA1c_ALP_FBC_with_Error_Untestable_Clotted.TC_11_Verify_partial_test_report_general_health_test_for_biomarkers_HbA1c_ALP_FBC_with_error_untestable_clotted() throws java.lang.InterruptedException,java.io.IOException]]>
              </value>
            </param>
          </params>
          <reporter-output>
          </reporter-output>
        </test-method> <!-- beforeEachMethod -->
        <test-method signature="TC_11_Verify_partial_test_report_general_health_test_for_biomarkers_HbA1c_ALP_FBC_with_error_untestable_clotted()[pri:0, instance:Tims.Partial_Report_SOFT_1409_Test_Cases.TC_11_Verify_Partial_Test_Report_General_Health_Test_For_Biomarkers_HbA1c_ALP_FBC_with_Error_Untestable_Clotted@10683d9d]" started-at="2025-10-14T17:01:20 IST" name="TC_11_Verify_partial_test_report_general_health_test_for_biomarkers_HbA1c_ALP_FBC_with_error_untestable_clotted" finished-at="2025-10-14T17:02:39 IST" duration-ms="79287" status="PASS">
          <reporter-output>
          </reporter-output>
        </test-method> <!-- TC_11_Verify_partial_test_report_general_health_test_for_biomarkers_HbA1c_ALP_FBC_with_error_untestable_clotted -->
        <test-method is-config="true" signature="afterEachMethod(org.testng.ITestResult)[pri:0, instance:Tims.Partial_Report_SOFT_1409_Test_Cases.TC_11_Verify_Partial_Test_Report_General_Health_Test_For_Biomarkers_HbA1c_ALP_FBC_with_Error_Untestable_Clotted@10683d9d]" started-at="2025-10-14T17:02:39 IST" name="afterEachMethod" finished-at="2025-10-14T17:02:39 IST" duration-ms="117" status="PASS">
          <params>
            <param index="0">
              <value>
                <![CDATA[[TestResult name=TC_11_Verify_partial_test_report_general_health_test_for_biomarkers_HbA1c_ALP_FBC_with_error_untestable_clotted status=SUCCESS method=TC_11_Verify_Partial_Test_Report_General_Health_Test_For_Biomarkers_HbA1c_ALP_FBC_with_Error_Untestable_Clotted.TC_11_Verify_partial_test_report_general_health_test_for_biomarkers_HbA1c_ALP_FBC_with_error_untestable_clotted()[pri:0, instance:Tims.Partial_Report_SOFT_1409_Test_Cases.TC_11_Verify_Partial_Test_Report_General_Health_Test_For_Biomarkers_HbA1c_ALP_FBC_with_Error_Untestable_Clotted@10683d9d] output={null}]]]>
              </value>
            </param>
          </params>
          <reporter-output>
          </reporter-output>
        </test-method> <!-- afterEachMethod -->
        <test-method is-config="true" signature="afterClass()[pri:0, instance:Tims.Partial_Report_SOFT_1409_Test_Cases.TC_11_Verify_Partial_Test_Report_General_Health_Test_For_Biomarkers_HbA1c_ALP_FBC_with_Error_Untestable_Clotted@10683d9d]" started-at="2025-10-14T17:02:39 IST" name="afterClass" finished-at="2025-10-14T17:02:39 IST" duration-ms="272" status="PASS">
          <reporter-output>
          </reporter-output>
        </test-method> <!-- afterClass -->
      </class> <!-- Tims.Partial_Report_SOFT_1409_Test_Cases.TC_11_Verify_Partial_Test_Report_General_Health_Test_For_Biomarkers_HbA1c_ALP_FBC_with_Error_Untestable_Clotted -->
      <class name="Tims.Partial_Report_SOFT_1409_Test_Cases.TC_04_Verify_Partial_Test_Report_For_The_General_Health_Test_For_HbA1c_GGT_with_Error_Untestable_Insufficient_Sample_Receipt">
        <test-method is-config="true" signature="beforeClass(org.testng.ITestContext)[pri:0, instance:Tims.Partial_Report_SOFT_1409_Test_Cases.TC_04_Verify_Partial_Test_Report_For_The_General_Health_Test_For_HbA1c_GGT_with_Error_Untestable_Insufficient_Sample_Receipt@3fc2959f]" started-at="2025-10-14T17:02:39 IST" name="beforeClass" finished-at="2025-10-14T17:02:41 IST" duration-ms="1889" status="PASS">
          <params>
            <param index="0">
              <value>
                <![CDATA[org.testng.TestRunner@7984e52]]>
              </value>
            </param>
          </params>
          <reporter-output>
          </reporter-output>
        </test-method> <!-- beforeClass -->
        <test-method is-config="true" signature="beforeEachMethod(java.lang.reflect.Method)[pri:0, instance:Tims.Partial_Report_SOFT_1409_Test_Cases.TC_04_Verify_Partial_Test_Report_For_The_General_Health_Test_For_HbA1c_GGT_with_Error_Untestable_Insufficient_Sample_Receipt@3fc2959f]" started-at="2025-10-14T17:02:41 IST" name="beforeEachMethod" finished-at="2025-10-14T17:02:41 IST" duration-ms="0" status="PASS">
          <params>
            <param index="0">
              <value>
                <![CDATA[public void Tims.Partial_Report_SOFT_1409_Test_Cases.TC_04_Verify_Partial_Test_Report_For_The_General_Health_Test_For_HbA1c_GGT_with_Error_Untestable_Insufficient_Sample_Receipt.TC_04_Verify_partial_test_report_for_the_general_health_test_for_biomarkers_HbA1c_GGT_with_error_reason_untestable_insufficient_sample_receipt() throws java.lang.InterruptedException,java.io.IOException]]>
              </value>
            </param>
          </params>
          <reporter-output>
          </reporter-output>
        </test-method> <!-- beforeEachMethod -->
        <test-method signature="TC_04_Verify_partial_test_report_for_the_general_health_test_for_biomarkers_HbA1c_GGT_with_error_reason_untestable_insufficient_sample_receipt()[pri:0, instance:Tims.Partial_Report_SOFT_1409_Test_Cases.TC_04_Verify_Partial_Test_Report_For_The_General_Health_Test_For_HbA1c_GGT_with_Error_Untestable_Insufficient_Sample_Receipt@3fc2959f]" started-at="2025-10-14T17:02:41 IST" name="TC_04_Verify_partial_test_report_for_the_general_health_test_for_biomarkers_HbA1c_GGT_with_error_reason_untestable_insufficient_sample_receipt" finished-at="2025-10-14T17:03:56 IST" duration-ms="74688" status="PASS">
          <reporter-output>
          </reporter-output>
        </test-method> <!-- TC_04_Verify_partial_test_report_for_the_general_health_test_for_biomarkers_HbA1c_GGT_with_error_reason_untestable_insufficient_sample_receipt -->
        <test-method is-config="true" signature="afterEachMethod(org.testng.ITestResult)[pri:0, instance:Tims.Partial_Report_SOFT_1409_Test_Cases.TC_04_Verify_Partial_Test_Report_For_The_General_Health_Test_For_HbA1c_GGT_with_Error_Untestable_Insufficient_Sample_Receipt@3fc2959f]" started-at="2025-10-14T17:03:56 IST" name="afterEachMethod" finished-at="2025-10-14T17:03:56 IST" duration-ms="128" status="PASS">
          <params>
            <param index="0">
              <value>
                <![CDATA[[TestResult name=TC_04_Verify_partial_test_report_for_the_general_health_test_for_biomarkers_HbA1c_GGT_with_error_reason_untestable_insufficient_sample_receipt status=SUCCESS method=TC_04_Verify_Partial_Test_Report_For_The_General_Health_Test_For_HbA1c_GGT_with_Error_Untestable_Insufficient_Sample_Receipt.TC_04_Verify_partial_test_report_for_the_general_health_test_for_biomarkers_HbA1c_GGT_with_error_reason_untestable_insufficient_sample_receipt()[pri:0, instance:Tims.Partial_Report_SOFT_1409_Test_Cases.TC_04_Verify_Partial_Test_Report_For_The_General_Health_Test_For_HbA1c_GGT_with_Error_Untestable_Insufficient_Sample_Receipt@3fc2959f] output={null}]]]>
              </value>
            </param>
          </params>
          <reporter-output>
          </reporter-output>
        </test-method> <!-- afterEachMethod -->
        <test-method is-config="true" signature="afterClass()[pri:0, instance:Tims.Partial_Report_SOFT_1409_Test_Cases.TC_04_Verify_Partial_Test_Report_For_The_General_Health_Test_For_HbA1c_GGT_with_Error_Untestable_Insufficient_Sample_Receipt@3fc2959f]" started-at="2025-10-14T17:03:56 IST" name="afterClass" finished-at="2025-10-14T17:03:56 IST" duration-ms="244" status="PASS">
          <reporter-output>
          </reporter-output>
        </test-method> <!-- afterClass -->
      </class> <!-- Tims.Partial_Report_SOFT_1409_Test_Cases.TC_04_Verify_Partial_Test_Report_For_The_General_Health_Test_For_HbA1c_GGT_with_Error_Untestable_Insufficient_Sample_Receipt -->
      <class name="Tims.Partial_Report_SOFT_1409_Test_Cases.TC_02_Verify_Partial_Test_Report_For_General_Health_Test_For_HbA1c_FBC_with_Error_Untestable_Misc_Post_Analytical">
        <test-method is-config="true" signature="beforeClass(org.testng.ITestContext)[pri:0, instance:Tims.Partial_Report_SOFT_1409_Test_Cases.TC_02_Verify_Partial_Test_Report_For_General_Health_Test_For_HbA1c_FBC_with_Error_Untestable_Misc_Post_Analytical@44c03695]" started-at="2025-10-14T16:53:19 IST" name="beforeClass" finished-at="2025-10-14T16:53:22 IST" duration-ms="2349" status="PASS">
          <params>
            <param index="0">
              <value>
                <![CDATA[org.testng.TestRunner@7984e52]]>
              </value>
            </param>
          </params>
          <reporter-output>
          </reporter-output>
        </test-method> <!-- beforeClass -->
        <test-method signature="TC_02_Verify_partial_test_report_for_the_general_health_test_for_biomarkers_HbA1c_FBC_with_error_reason_untestable_misc_post_analytical()[pri:0, instance:Tims.Partial_Report_SOFT_1409_Test_Cases.TC_02_Verify_Partial_Test_Report_For_General_Health_Test_For_HbA1c_FBC_with_Error_Untestable_Misc_Post_Analytical@44c03695]" started-at="2025-10-14T16:53:22 IST" name="TC_02_Verify_partial_test_report_for_the_general_health_test_for_biomarkers_HbA1c_FBC_with_error_reason_untestable_misc_post_analytical" finished-at="2025-10-14T16:54:38 IST" duration-ms="76251" status="PASS">
          <reporter-output>
          </reporter-output>
        </test-method> <!-- TC_02_Verify_partial_test_report_for_the_general_health_test_for_biomarkers_HbA1c_FBC_with_error_reason_untestable_misc_post_analytical -->
        <test-method is-config="true" signature="beforeEachMethod(java.lang.reflect.Method)[pri:0, instance:Tims.Partial_Report_SOFT_1409_Test_Cases.TC_02_Verify_Partial_Test_Report_For_General_Health_Test_For_HbA1c_FBC_with_Error_Untestable_Misc_Post_Analytical@44c03695]" started-at="2025-10-14T16:53:22 IST" name="beforeEachMethod" finished-at="2025-10-14T16:53:22 IST" duration-ms="0" status="PASS">
          <params>
            <param index="0">
              <value>
                <![CDATA[public void Tims.Partial_Report_SOFT_1409_Test_Cases.TC_02_Verify_Partial_Test_Report_For_General_Health_Test_For_HbA1c_FBC_with_Error_Untestable_Misc_Post_Analytical.TC_02_Verify_partial_test_report_for_the_general_health_test_for_biomarkers_HbA1c_FBC_with_error_reason_untestable_misc_post_analytical() throws java.lang.InterruptedException,java.io.IOException]]>
              </value>
            </param>
          </params>
          <reporter-output>
          </reporter-output>
        </test-method> <!-- beforeEachMethod -->
        <test-method is-config="true" signature="afterEachMethod(org.testng.ITestResult)[pri:0, instance:Tims.Partial_Report_SOFT_1409_Test_Cases.TC_02_Verify_Partial_Test_Report_For_General_Health_Test_For_HbA1c_FBC_with_Error_Untestable_Misc_Post_Analytical@44c03695]" started-at="2025-10-14T16:54:38 IST" name="afterEachMethod" finished-at="2025-10-14T16:54:38 IST" duration-ms="108" status="PASS">
          <params>
            <param index="0">
              <value>
                <![CDATA[[TestResult name=TC_02_Verify_partial_test_report_for_the_general_health_test_for_biomarkers_HbA1c_FBC_with_error_reason_untestable_misc_post_analytical status=SUCCESS method=TC_02_Verify_Partial_Test_Report_For_General_Health_Test_For_HbA1c_FBC_with_Error_Untestable_Misc_Post_Analytical.TC_02_Verify_partial_test_report_for_the_general_health_test_for_biomarkers_HbA1c_FBC_with_error_reason_untestable_misc_post_analytical()[pri:0, instance:Tims.Partial_Report_SOFT_1409_Test_Cases.TC_02_Verify_Partial_Test_Report_For_General_Health_Test_For_HbA1c_FBC_with_Error_Untestable_Misc_Post_Analytical@44c03695] output={null}]]]>
              </value>
            </param>
          </params>
          <reporter-output>
          </reporter-output>
        </test-method> <!-- afterEachMethod -->
        <test-method is-config="true" signature="afterClass()[pri:0, instance:Tims.Partial_Report_SOFT_1409_Test_Cases.TC_02_Verify_Partial_Test_Report_For_General_Health_Test_For_HbA1c_FBC_with_Error_Untestable_Misc_Post_Analytical@44c03695]" started-at="2025-10-14T16:54:38 IST" name="afterClass" finished-at="2025-10-14T16:54:38 IST" duration-ms="248" status="PASS">
          <reporter-output>
          </reporter-output>
        </test-method> <!-- afterClass -->
      </class> <!-- Tims.Partial_Report_SOFT_1409_Test_Cases.TC_02_Verify_Partial_Test_Report_For_General_Health_Test_For_HbA1c_FBC_with_Error_Untestable_Misc_Post_Analytical -->
      <class name="Tims.Partial_Report_SOFT_1409_Test_Cases.TC_16_Verify_Partial_Test_Report_General_Health_Test_For_Biomarkers_HbA1c_FBC_ALP_GGT_with_Error_Untestable_Clotted">
        <test-method is-config="true" signature="beforeClass(org.testng.ITestContext)[pri:0, instance:Tims.Partial_Report_SOFT_1409_Test_Cases.TC_16_Verify_Partial_Test_Report_General_Health_Test_For_Biomarkers_HbA1c_FBC_ALP_GGT_with_Error_Untestable_Clotted@7e6f74c]" started-at="2025-10-14T16:54:38 IST" name="beforeClass" finished-at="2025-10-14T16:54:40 IST" duration-ms="1826" status="PASS">
          <params>
            <param index="0">
              <value>
                <![CDATA[org.testng.TestRunner@7984e52]]>
              </value>
            </param>
          </params>
          <reporter-output>
          </reporter-output>
        </test-method> <!-- beforeClass -->
        <test-method is-config="true" signature="beforeEachMethod(java.lang.reflect.Method)[pri:0, instance:Tims.Partial_Report_SOFT_1409_Test_Cases.TC_16_Verify_Partial_Test_Report_General_Health_Test_For_Biomarkers_HbA1c_FBC_ALP_GGT_with_Error_Untestable_Clotted@7e6f74c]" started-at="2025-10-14T16:54:40 IST" name="beforeEachMethod" finished-at="2025-10-14T16:54:40 IST" duration-ms="1" status="PASS">
          <params>
            <param index="0">
              <value>
                <![CDATA[public void Tims.Partial_Report_SOFT_1409_Test_Cases.TC_16_Verify_Partial_Test_Report_General_Health_Test_For_Biomarkers_HbA1c_FBC_ALP_GGT_with_Error_Untestable_Clotted.TC_16_Verify_partial_test_report_general_health_test_for_biomarkers_HbA1c_FBC_ALP_GGT_with_error_untestable_clotted() throws java.lang.InterruptedException,java.io.IOException]]>
              </value>
            </param>
          </params>
          <reporter-output>
          </reporter-output>
        </test-method> <!-- beforeEachMethod -->
        <test-method signature="TC_16_Verify_partial_test_report_general_health_test_for_biomarkers_HbA1c_FBC_ALP_GGT_with_error_untestable_clotted()[pri:0, instance:Tims.Partial_Report_SOFT_1409_Test_Cases.TC_16_Verify_Partial_Test_Report_General_Health_Test_For_Biomarkers_HbA1c_FBC_ALP_GGT_with_Error_Untestable_Clotted@7e6f74c]" started-at="2025-10-14T16:54:40 IST" name="TC_16_Verify_partial_test_report_general_health_test_for_biomarkers_HbA1c_FBC_ALP_GGT_with_error_untestable_clotted" finished-at="2025-10-14T16:55:59 IST" duration-ms="79257" status="PASS">
          <reporter-output>
          </reporter-output>
        </test-method> <!-- TC_16_Verify_partial_test_report_general_health_test_for_biomarkers_HbA1c_FBC_ALP_GGT_with_error_untestable_clotted -->
        <test-method is-config="true" signature="afterEachMethod(org.testng.ITestResult)[pri:0, instance:Tims.Partial_Report_SOFT_1409_Test_Cases.TC_16_Verify_Partial_Test_Report_General_Health_Test_For_Biomarkers_HbA1c_FBC_ALP_GGT_with_Error_Untestable_Clotted@7e6f74c]" started-at="2025-10-14T16:55:59 IST" name="afterEachMethod" finished-at="2025-10-14T16:56:00 IST" duration-ms="98" status="PASS">
          <params>
            <param index="0">
              <value>
                <![CDATA[[TestResult name=TC_16_Verify_partial_test_report_general_health_test_for_biomarkers_HbA1c_FBC_ALP_GGT_with_error_untestable_clotted status=SUCCESS method=TC_16_Verify_Partial_Test_Report_General_Health_Test_For_Biomarkers_HbA1c_FBC_ALP_GGT_with_Error_Untestable_Clotted.TC_16_Verify_partial_test_report_general_health_test_for_biomarkers_HbA1c_FBC_ALP_GGT_with_error_untestable_clotted()[pri:0, instance:Tims.Partial_Report_SOFT_1409_Test_Cases.TC_16_Verify_Partial_Test_Report_General_Health_Test_For_Biomarkers_HbA1c_FBC_ALP_GGT_with_Error_Untestable_Clotted@7e6f74c] output={null}]]]>
              </value>
            </param>
          </params>
          <reporter-output>
          </reporter-output>
        </test-method> <!-- afterEachMethod -->
        <test-method is-config="true" signature="afterClass()[pri:0, instance:Tims.Partial_Report_SOFT_1409_Test_Cases.TC_16_Verify_Partial_Test_Report_General_Health_Test_For_Biomarkers_HbA1c_FBC_ALP_GGT_with_Error_Untestable_Clotted@7e6f74c]" started-at="2025-10-14T16:56:00 IST" name="afterClass" finished-at="2025-10-14T16:56:00 IST" duration-ms="290" status="PASS">
          <reporter-output>
          </reporter-output>
        </test-method> <!-- afterClass -->
      </class> <!-- Tims.Partial_Report_SOFT_1409_Test_Cases.TC_16_Verify_Partial_Test_Report_General_Health_Test_For_Biomarkers_HbA1c_FBC_ALP_GGT_with_Error_Untestable_Clotted -->
      <class name="Tims.Partial_Report_SOFT_1409_Test_Cases.TC_01_Verify_Partial_Test_Report_General_Health_Test_HbA1c_with_Error_Untestable_Grossly_Haemolysed">
        <test-method is-config="true" signature="beforeClass(org.testng.ITestContext)[pri:0, instance:Tims.Partial_Report_SOFT_1409_Test_Cases.TC_01_Verify_Partial_Test_Report_General_Health_Test_HbA1c_with_Error_Untestable_Grossly_Haemolysed@1573f9fc]" started-at="2025-10-14T16:50:44 IST" name="beforeClass" finished-at="2025-10-14T16:50:46 IST" duration-ms="1877" status="PASS">
          <params>
            <param index="0">
              <value>
                <![CDATA[org.testng.TestRunner@7984e52]]>
              </value>
            </param>
          </params>
          <reporter-output>
          </reporter-output>
        </test-method> <!-- beforeClass -->
        <test-method is-config="true" signature="beforeEachMethod(java.lang.reflect.Method)[pri:0, instance:Tims.Partial_Report_SOFT_1409_Test_Cases.TC_01_Verify_Partial_Test_Report_General_Health_Test_HbA1c_with_Error_Untestable_Grossly_Haemolysed@1573f9fc]" started-at="2025-10-14T16:50:46 IST" name="beforeEachMethod" finished-at="2025-10-14T16:50:46 IST" duration-ms="1" status="PASS">
          <params>
            <param index="0">
              <value>
                <![CDATA[public void Tims.Partial_Report_SOFT_1409_Test_Cases.TC_01_Verify_Partial_Test_Report_General_Health_Test_HbA1c_with_Error_Untestable_Grossly_Haemolysed.TC_01_Verify_partial_test_reporting_for_the_general_health_test_specifically_for_the_biomarkers_HbA1c_with_error_reason_marked_as_untestable_grossly_haemolysed() throws java.lang.InterruptedException,java.io.IOException]]>
              </value>
            </param>
          </params>
          <reporter-output>
          </reporter-output>
        </test-method> <!-- beforeEachMethod -->
        <test-method signature="TC_01_Verify_partial_test_reporting_for_the_general_health_test_specifically_for_the_biomarkers_HbA1c_with_error_reason_marked_as_untestable_grossly_haemolysed()[pri:0, instance:Tims.Partial_Report_SOFT_1409_Test_Cases.TC_01_Verify_Partial_Test_Report_General_Health_Test_HbA1c_with_Error_Untestable_Grossly_Haemolysed@1573f9fc]" started-at="2025-10-14T16:50:46 IST" name="TC_01_Verify_partial_test_reporting_for_the_general_health_test_specifically_for_the_biomarkers_HbA1c_with_error_reason_marked_as_untestable_grossly_haemolysed" finished-at="2025-10-14T16:52:01 IST" duration-ms="75318" status="PASS">
          <reporter-output>
          </reporter-output>
        </test-method> <!-- TC_01_Verify_partial_test_reporting_for_the_general_health_test_specifically_for_the_biomarkers_HbA1c_with_error_reason_marked_as_untestable_grossly_haemolysed -->
        <test-method is-config="true" signature="afterEachMethod(org.testng.ITestResult)[pri:0, instance:Tims.Partial_Report_SOFT_1409_Test_Cases.TC_01_Verify_Partial_Test_Report_General_Health_Test_HbA1c_with_Error_Untestable_Grossly_Haemolysed@1573f9fc]" started-at="2025-10-14T16:52:01 IST" name="afterEachMethod" finished-at="2025-10-14T16:52:02 IST" duration-ms="135" status="PASS">
          <params>
            <param index="0">
              <value>
                <![CDATA[[TestResult name=TC_01_Verify_partial_test_reporting_for_the_general_health_test_specifically_for_the_biomarkers_HbA1c_with_error_reason_marked_as_untestable_grossly_haemolysed status=SUCCESS method=TC_01_Verify_Partial_Test_Report_General_Health_Test_HbA1c_with_Error_Untestable_Grossly_Haemolysed.TC_01_Verify_partial_test_reporting_for_the_general_health_test_specifically_for_the_biomarkers_HbA1c_with_error_reason_marked_as_untestable_grossly_haemolysed()[pri:0, instance:Tims.Partial_Report_SOFT_1409_Test_Cases.TC_01_Verify_Partial_Test_Report_General_Health_Test_HbA1c_with_Error_Untestable_Grossly_Haemolysed@1573f9fc] output={null}]]]>
              </value>
            </param>
          </params>
          <reporter-output>
          </reporter-output>
        </test-method> <!-- afterEachMethod -->
        <test-method is-config="true" signature="afterClass()[pri:0, instance:Tims.Partial_Report_SOFT_1409_Test_Cases.TC_01_Verify_Partial_Test_Report_General_Health_Test_HbA1c_with_Error_Untestable_Grossly_Haemolysed@1573f9fc]" started-at="2025-10-14T16:52:02 IST" name="afterClass" finished-at="2025-10-14T16:52:02 IST" duration-ms="241" status="PASS">
          <reporter-output>
          </reporter-output>
        </test-method> <!-- afterClass -->
      </class> <!-- Tims.Partial_Report_SOFT_1409_Test_Cases.TC_01_Verify_Partial_Test_Report_General_Health_Test_HbA1c_with_Error_Untestable_Grossly_Haemolysed -->
      <class name="Tims.Partial_Report_SOFT_1409_Test_Cases.TC_13_Verify_Partial_Test_Report_General_Health_Test_For_Biomarkers_HbA1c_ALP_ALT_GGT_with_Error_Untestable_Clotted">
        <test-method is-config="true" signature="beforeClass(org.testng.ITestContext)[pri:0, instance:Tims.Partial_Report_SOFT_1409_Test_Cases.TC_13_Verify_Partial_Test_Report_General_Health_Test_For_Biomarkers_HbA1c_ALP_ALT_GGT_with_Error_Untestable_Clotted@5b12b668]" started-at="2025-10-14T16:41:25 IST" name="beforeClass" finished-at="2025-10-14T16:41:27 IST" duration-ms="2519" status="PASS">
          <params>
            <param index="0">
              <value>
                <![CDATA[org.testng.TestRunner@7984e52]]>
              </value>
            </param>
          </params>
          <reporter-output>
          </reporter-output>
        </test-method> <!-- beforeClass -->
        <test-method is-config="true" signature="beforeEachMethod(java.lang.reflect.Method)[pri:0, instance:Tims.Partial_Report_SOFT_1409_Test_Cases.TC_13_Verify_Partial_Test_Report_General_Health_Test_For_Biomarkers_HbA1c_ALP_ALT_GGT_with_Error_Untestable_Clotted@5b12b668]" started-at="2025-10-14T16:41:27 IST" name="beforeEachMethod" finished-at="2025-10-14T16:41:27 IST" duration-ms="1" status="PASS">
          <params>
            <param index="0">
              <value>
                <![CDATA[public void Tims.Partial_Report_SOFT_1409_Test_Cases.TC_13_Verify_Partial_Test_Report_General_Health_Test_For_Biomarkers_HbA1c_ALP_ALT_GGT_with_Error_Untestable_Clotted.TC_13_Verify_partial_test_report_general_health_test_for_biomarkers_HbA1c_ALP_ALT_GGT_with_error_untestable_clotted() throws java.lang.InterruptedException,java.io.IOException]]>
              </value>
            </param>
          </params>
          <reporter-output>
          </reporter-output>
        </test-method> <!-- beforeEachMethod -->
        <test-method signature="TC_13_Verify_partial_test_report_general_health_test_for_biomarkers_HbA1c_ALP_ALT_GGT_with_error_untestable_clotted()[pri:0, instance:Tims.Partial_Report_SOFT_1409_Test_Cases.TC_13_Verify_Partial_Test_Report_General_Health_Test_For_Biomarkers_HbA1c_ALP_ALT_GGT_with_Error_Untestable_Clotted@5b12b668]" started-at="2025-10-14T16:41:27 IST" name="TC_13_Verify_partial_test_report_general_health_test_for_biomarkers_HbA1c_ALP_ALT_GGT_with_error_untestable_clotted" finished-at="2025-10-14T16:42:46 IST" duration-ms="78445" status="PASS">
          <reporter-output>
          </reporter-output>
        </test-method> <!-- TC_13_Verify_partial_test_report_general_health_test_for_biomarkers_HbA1c_ALP_ALT_GGT_with_error_untestable_clotted -->
        <test-method is-config="true" signature="afterEachMethod(org.testng.ITestResult)[pri:0, instance:Tims.Partial_Report_SOFT_1409_Test_Cases.TC_13_Verify_Partial_Test_Report_General_Health_Test_For_Biomarkers_HbA1c_ALP_ALT_GGT_with_Error_Untestable_Clotted@5b12b668]" started-at="2025-10-14T16:42:46 IST" name="afterEachMethod" finished-at="2025-10-14T16:42:46 IST" duration-ms="118" status="PASS">
          <params>
            <param index="0">
              <value>
                <![CDATA[[TestResult name=TC_13_Verify_partial_test_report_general_health_test_for_biomarkers_HbA1c_ALP_ALT_GGT_with_error_untestable_clotted status=SUCCESS method=TC_13_Verify_Partial_Test_Report_General_Health_Test_For_Biomarkers_HbA1c_ALP_ALT_GGT_with_Error_Untestable_Clotted.TC_13_Verify_partial_test_report_general_health_test_for_biomarkers_HbA1c_ALP_ALT_GGT_with_error_untestable_clotted()[pri:0, instance:Tims.Partial_Report_SOFT_1409_Test_Cases.TC_13_Verify_Partial_Test_Report_General_Health_Test_For_Biomarkers_HbA1c_ALP_ALT_GGT_with_Error_Untestable_Clotted@5b12b668] output={null}]]]>
              </value>
            </param>
          </params>
          <reporter-output>
          </reporter-output>
        </test-method> <!-- afterEachMethod -->
        <test-method is-config="true" signature="afterClass()[pri:0, instance:Tims.Partial_Report_SOFT_1409_Test_Cases.TC_13_Verify_Partial_Test_Report_General_Health_Test_For_Biomarkers_HbA1c_ALP_ALT_GGT_with_Error_Untestable_Clotted@5b12b668]" started-at="2025-10-14T16:42:46 IST" name="afterClass" finished-at="2025-10-14T16:42:46 IST" duration-ms="234" status="PASS">
          <reporter-output>
          </reporter-output>
        </test-method> <!-- afterClass -->
      </class> <!-- Tims.Partial_Report_SOFT_1409_Test_Cases.TC_13_Verify_Partial_Test_Report_General_Health_Test_For_Biomarkers_HbA1c_ALP_ALT_GGT_with_Error_Untestable_Clotted -->
      <class name="Tims.Partial_Report_SOFT_1409_Test_Cases.TC_12_Verify_Partial_Test_Report_General_Health_Test_For_Biomarkers_HbA1c_ALP_ALT_with_Error_Untestable_Misc">
        <test-method is-config="true" signature="beforeClass(org.testng.ITestContext)[pri:0, instance:Tims.Partial_Report_SOFT_1409_Test_Cases.TC_12_Verify_Partial_Test_Report_General_Health_Test_For_Biomarkers_HbA1c_ALP_ALT_with_Error_Untestable_Misc@5542c4ed]" started-at="2025-10-14T16:49:21 IST" name="beforeClass" finished-at="2025-10-14T16:49:23 IST" duration-ms="1703" status="PASS">
          <params>
            <param index="0">
              <value>
                <![CDATA[org.testng.TestRunner@7984e52]]>
              </value>
            </param>
          </params>
          <reporter-output>
          </reporter-output>
        </test-method> <!-- beforeClass -->
        <test-method is-config="true" signature="beforeEachMethod(java.lang.reflect.Method)[pri:0, instance:Tims.Partial_Report_SOFT_1409_Test_Cases.TC_12_Verify_Partial_Test_Report_General_Health_Test_For_Biomarkers_HbA1c_ALP_ALT_with_Error_Untestable_Misc@5542c4ed]" started-at="2025-10-14T16:49:23 IST" name="beforeEachMethod" finished-at="2025-10-14T16:49:23 IST" duration-ms="1" status="PASS">
          <params>
            <param index="0">
              <value>
                <![CDATA[public void Tims.Partial_Report_SOFT_1409_Test_Cases.TC_12_Verify_Partial_Test_Report_General_Health_Test_For_Biomarkers_HbA1c_ALP_ALT_with_Error_Untestable_Misc.TC_12_Verify_partial_test_report_general_health_test_for_biomarkers_HbA1c_ALP_ALT_with_error_untestable_misc() throws java.lang.InterruptedException,java.io.IOException]]>
              </value>
            </param>
          </params>
          <reporter-output>
          </reporter-output>
        </test-method> <!-- beforeEachMethod -->
        <test-method signature="TC_12_Verify_partial_test_report_general_health_test_for_biomarkers_HbA1c_ALP_ALT_with_error_untestable_misc()[pri:0, instance:Tims.Partial_Report_SOFT_1409_Test_Cases.TC_12_Verify_Partial_Test_Report_General_Health_Test_For_Biomarkers_HbA1c_ALP_ALT_with_Error_Untestable_Misc@5542c4ed]" started-at="2025-10-14T16:49:23 IST" name="TC_12_Verify_partial_test_report_general_health_test_for_biomarkers_HbA1c_ALP_ALT_with_error_untestable_misc" finished-at="2025-10-14T16:50:44 IST" duration-ms="80699" status="PASS">
          <reporter-output>
          </reporter-output>
        </test-method> <!-- TC_12_Verify_partial_test_report_general_health_test_for_biomarkers_HbA1c_ALP_ALT_with_error_untestable_misc -->
        <test-method is-config="true" signature="afterEachMethod(org.testng.ITestResult)[pri:0, instance:Tims.Partial_Report_SOFT_1409_Test_Cases.TC_12_Verify_Partial_Test_Report_General_Health_Test_For_Biomarkers_HbA1c_ALP_ALT_with_Error_Untestable_Misc@5542c4ed]" started-at="2025-10-14T16:50:44 IST" name="afterEachMethod" finished-at="2025-10-14T16:50:44 IST" duration-ms="115" status="PASS">
          <params>
            <param index="0">
              <value>
                <![CDATA[[TestResult name=TC_12_Verify_partial_test_report_general_health_test_for_biomarkers_HbA1c_ALP_ALT_with_error_untestable_misc status=SUCCESS method=TC_12_Verify_Partial_Test_Report_General_Health_Test_For_Biomarkers_HbA1c_ALP_ALT_with_Error_Untestable_Misc.TC_12_Verify_partial_test_report_general_health_test_for_biomarkers_HbA1c_ALP_ALT_with_error_untestable_misc()[pri:0, instance:Tims.Partial_Report_SOFT_1409_Test_Cases.TC_12_Verify_Partial_Test_Report_General_Health_Test_For_Biomarkers_HbA1c_ALP_ALT_with_Error_Untestable_Misc@5542c4ed] output={null}]]]>
              </value>
            </param>
          </params>
          <reporter-output>
          </reporter-output>
        </test-method> <!-- afterEachMethod -->
        <test-method is-config="true" signature="afterClass()[pri:0, instance:Tims.Partial_Report_SOFT_1409_Test_Cases.TC_12_Verify_Partial_Test_Report_General_Health_Test_For_Biomarkers_HbA1c_ALP_ALT_with_Error_Untestable_Misc@5542c4ed]" started-at="2025-10-14T16:50:44 IST" name="afterClass" finished-at="2025-10-14T16:50:44 IST" duration-ms="241" status="PASS">
          <reporter-output>
          </reporter-output>
        </test-method> <!-- afterClass -->
      </class> <!-- Tims.Partial_Report_SOFT_1409_Test_Cases.TC_12_Verify_Partial_Test_Report_General_Health_Test_For_Biomarkers_HbA1c_ALP_ALT_with_Error_Untestable_Misc -->
      <class name="Tims.Partial_Report_SOFT_1409_Test_Cases.TC_14_Verify_Partial_Test_Report_General_Health_Test_For_Biomarkers_HbA1c_FBC_ALT_GGT_with_Error_Untestable_Insufficient">
        <test-method is-config="true" signature="beforeClass(org.testng.ITestContext)[pri:0, instance:Tims.Partial_Report_SOFT_1409_Test_Cases.TC_14_Verify_Partial_Test_Report_General_Health_Test_For_Biomarkers_HbA1c_FBC_ALT_GGT_with_Error_Untestable_Insufficient@7586beff]" started-at="2025-10-14T16:45:24 IST" name="beforeClass" finished-at="2025-10-14T16:45:26 IST" duration-ms="2324" status="PASS">
          <params>
            <param index="0">
              <value>
                <![CDATA[org.testng.TestRunner@7984e52]]>
              </value>
            </param>
          </params>
          <reporter-output>
          </reporter-output>
        </test-method> <!-- beforeClass -->
        <test-method signature="TC_14_Verify_partial_test_report_general_health_test_for_biomarkers_HbA1c_FBC_ALT_GGT_with_error_untestable_insufficient()[pri:0, instance:Tims.Partial_Report_SOFT_1409_Test_Cases.TC_14_Verify_Partial_Test_Report_General_Health_Test_For_Biomarkers_HbA1c_FBC_ALT_GGT_with_Error_Untestable_Insufficient@7586beff]" started-at="2025-10-14T16:45:26 IST" name="TC_14_Verify_partial_test_report_general_health_test_for_biomarkers_HbA1c_FBC_ALT_GGT_with_error_untestable_insufficient" finished-at="2025-10-14T16:46:42 IST" duration-ms="75156" status="PASS">
          <reporter-output>
          </reporter-output>
        </test-method> <!-- TC_14_Verify_partial_test_report_general_health_test_for_biomarkers_HbA1c_FBC_ALT_GGT_with_error_untestable_insufficient -->
        <test-method is-config="true" signature="beforeEachMethod(java.lang.reflect.Method)[pri:0, instance:Tims.Partial_Report_SOFT_1409_Test_Cases.TC_14_Verify_Partial_Test_Report_General_Health_Test_For_Biomarkers_HbA1c_FBC_ALT_GGT_with_Error_Untestable_Insufficient@7586beff]" started-at="2025-10-14T16:45:26 IST" name="beforeEachMethod" finished-at="2025-10-14T16:45:26 IST" duration-ms="0" status="PASS">
          <params>
            <param index="0">
              <value>
                <![CDATA[public void Tims.Partial_Report_SOFT_1409_Test_Cases.TC_14_Verify_Partial_Test_Report_General_Health_Test_For_Biomarkers_HbA1c_FBC_ALT_GGT_with_Error_Untestable_Insufficient.TC_14_Verify_partial_test_report_general_health_test_for_biomarkers_HbA1c_FBC_ALT_GGT_with_error_untestable_insufficient() throws java.lang.InterruptedException,java.io.IOException]]>
              </value>
            </param>
          </params>
          <reporter-output>
          </reporter-output>
        </test-method> <!-- beforeEachMethod -->
        <test-method is-config="true" signature="afterEachMethod(org.testng.ITestResult)[pri:0, instance:Tims.Partial_Report_SOFT_1409_Test_Cases.TC_14_Verify_Partial_Test_Report_General_Health_Test_For_Biomarkers_HbA1c_FBC_ALT_GGT_with_Error_Untestable_Insufficient@7586beff]" started-at="2025-10-14T16:46:42 IST" name="afterEachMethod" finished-at="2025-10-14T16:46:42 IST" duration-ms="188" status="PASS">
          <params>
            <param index="0">
              <value>
                <![CDATA[[TestResult name=TC_14_Verify_partial_test_report_general_health_test_for_biomarkers_HbA1c_FBC_ALT_GGT_with_error_untestable_insufficient status=SUCCESS method=TC_14_Verify_Partial_Test_Report_General_Health_Test_For_Biomarkers_HbA1c_FBC_ALT_GGT_with_Error_Untestable_Insufficient.TC_14_Verify_partial_test_report_general_health_test_for_biomarkers_HbA1c_FBC_ALT_GGT_with_error_untestable_insufficient()[pri:0, instance:Tims.Partial_Report_SOFT_1409_Test_Cases.TC_14_Verify_Partial_Test_Report_General_Health_Test_For_Biomarkers_HbA1c_FBC_ALT_GGT_with_Error_Untestable_Insufficient@7586beff] output={null}]]]>
              </value>
            </param>
          </params>
          <reporter-output>
          </reporter-output>
        </test-method> <!-- afterEachMethod -->
        <test-method is-config="true" signature="afterClass()[pri:0, instance:Tims.Partial_Report_SOFT_1409_Test_Cases.TC_14_Verify_Partial_Test_Report_General_Health_Test_For_Biomarkers_HbA1c_FBC_ALT_GGT_with_Error_Untestable_Insufficient@7586beff]" started-at="2025-10-14T16:46:42 IST" name="afterClass" finished-at="2025-10-14T16:46:42 IST" duration-ms="267" status="PASS">
          <reporter-output>
          </reporter-output>
        </test-method> <!-- afterClass -->
      </class> <!-- Tims.Partial_Report_SOFT_1409_Test_Cases.TC_14_Verify_Partial_Test_Report_General_Health_Test_For_Biomarkers_HbA1c_FBC_ALT_GGT_with_Error_Untestable_Insufficient -->
      <class name="Tims.Partial_Report_SOFT_1409_Test_Cases.TC_09_Verify_Partial_Test_Report_General_Health_Test_For_HbA1c_ALT_FBC_with_Error_Untestable_Misc">
        <test-method is-config="true" signature="beforeClass(org.testng.ITestContext)[pri:0, instance:Tims.Partial_Report_SOFT_1409_Test_Cases.TC_09_Verify_Partial_Test_Report_General_Health_Test_For_HbA1c_ALT_FBC_with_Error_Untestable_Misc@1165b38]" started-at="2025-10-14T16:42:46 IST" name="beforeClass" finished-at="2025-10-14T16:42:48 IST" duration-ms="1872" status="PASS">
          <params>
            <param index="0">
              <value>
                <![CDATA[org.testng.TestRunner@7984e52]]>
              </value>
            </param>
          </params>
          <reporter-output>
          </reporter-output>
        </test-method> <!-- beforeClass -->
        <test-method is-config="true" signature="beforeEachMethod(java.lang.reflect.Method)[pri:0, instance:Tims.Partial_Report_SOFT_1409_Test_Cases.TC_09_Verify_Partial_Test_Report_General_Health_Test_For_HbA1c_ALT_FBC_with_Error_Untestable_Misc@1165b38]" started-at="2025-10-14T16:42:48 IST" name="beforeEachMethod" finished-at="2025-10-14T16:42:48 IST" duration-ms="0" status="PASS">
          <params>
            <param index="0">
              <value>
                <![CDATA[public void Tims.Partial_Report_SOFT_1409_Test_Cases.TC_09_Verify_Partial_Test_Report_General_Health_Test_For_HbA1c_ALT_FBC_with_Error_Untestable_Misc.TC_09_Verify_partial_test_report_general_health_test_for_biomarkers_HbA1c_ALT_FBC_with_error_untestable_misc() throws java.lang.InterruptedException,java.io.IOException]]>
              </value>
            </param>
          </params>
          <reporter-output>
          </reporter-output>
        </test-method> <!-- beforeEachMethod -->
        <test-method signature="TC_09_Verify_partial_test_report_general_health_test_for_biomarkers_HbA1c_ALT_FBC_with_error_untestable_misc()[pri:0, instance:Tims.Partial_Report_SOFT_1409_Test_Cases.TC_09_Verify_Partial_Test_Report_General_Health_Test_For_HbA1c_ALT_FBC_with_Error_Untestable_Misc@1165b38]" started-at="2025-10-14T16:42:48 IST" name="TC_09_Verify_partial_test_report_general_health_test_for_biomarkers_HbA1c_ALT_FBC_with_error_untestable_misc" finished-at="2025-10-14T16:44:03 IST" duration-ms="74796" status="PASS">
          <reporter-output>
          </reporter-output>
        </test-method> <!-- TC_09_Verify_partial_test_report_general_health_test_for_biomarkers_HbA1c_ALT_FBC_with_error_untestable_misc -->
        <test-method is-config="true" signature="afterEachMethod(org.testng.ITestResult)[pri:0, instance:Tims.Partial_Report_SOFT_1409_Test_Cases.TC_09_Verify_Partial_Test_Report_General_Health_Test_For_HbA1c_ALT_FBC_with_Error_Untestable_Misc@1165b38]" started-at="2025-10-14T16:44:03 IST" name="afterEachMethod" finished-at="2025-10-14T16:44:03 IST" duration-ms="178" status="PASS">
          <params>
            <param index="0">
              <value>
                <![CDATA[[TestResult name=TC_09_Verify_partial_test_report_general_health_test_for_biomarkers_HbA1c_ALT_FBC_with_error_untestable_misc status=SUCCESS method=TC_09_Verify_Partial_Test_Report_General_Health_Test_For_HbA1c_ALT_FBC_with_Error_Untestable_Misc.TC_09_Verify_partial_test_report_general_health_test_for_biomarkers_HbA1c_ALT_FBC_with_error_untestable_misc()[pri:0, instance:Tims.Partial_Report_SOFT_1409_Test_Cases.TC_09_Verify_Partial_Test_Report_General_Health_Test_For_HbA1c_ALT_FBC_with_Error_Untestable_Misc@1165b38] output={null}]]]>
              </value>
            </param>
          </params>
          <reporter-output>
          </reporter-output>
        </test-method> <!-- afterEachMethod -->
        <test-method is-config="true" signature="afterClass()[pri:0, instance:Tims.Partial_Report_SOFT_1409_Test_Cases.TC_09_Verify_Partial_Test_Report_General_Health_Test_For_HbA1c_ALT_FBC_with_Error_Untestable_Misc@1165b38]" started-at="2025-10-14T16:44:03 IST" name="afterClass" finished-at="2025-10-14T16:44:03 IST" duration-ms="258" status="PASS">
          <reporter-output>
          </reporter-output>
        </test-method> <!-- afterClass -->
      </class> <!-- Tims.Partial_Report_SOFT_1409_Test_Cases.TC_09_Verify_Partial_Test_Report_General_Health_Test_For_HbA1c_ALT_FBC_with_Error_Untestable_Misc -->
      <class name="Tims.Partial_Report_SOFT_1409_Test_Cases.TC_17_Verify_Partial_Report_For_Weight_Management_Test_For_Biomarkers_FOL_HbA1c_with_Error_Reason_Inhibitory">
        <test-method is-config="true" signature="beforeClass(org.testng.ITestContext)[pri:0, instance:Tims.Partial_Report_SOFT_1409_Test_Cases.TC_17_Verify_Partial_Report_For_Weight_Management_Test_For_Biomarkers_FOL_HbA1c_with_Error_Reason_Inhibitory@815b41f]" started-at="2025-10-14T16:48:03 IST" name="beforeClass" finished-at="2025-10-14T16:48:05 IST" duration-ms="1953" status="PASS">
          <params>
            <param index="0">
              <value>
                <![CDATA[org.testng.TestRunner@7984e52]]>
              </value>
            </param>
          </params>
          <reporter-output>
          </reporter-output>
        </test-method> <!-- beforeClass -->
        <test-method is-config="true" signature="beforeEachMethod(java.lang.reflect.Method)[pri:0, instance:Tims.Partial_Report_SOFT_1409_Test_Cases.TC_17_Verify_Partial_Report_For_Weight_Management_Test_For_Biomarkers_FOL_HbA1c_with_Error_Reason_Inhibitory@815b41f]" started-at="2025-10-14T16:48:05 IST" name="beforeEachMethod" finished-at="2025-10-14T16:48:05 IST" duration-ms="0" status="PASS">
          <params>
            <param index="0">
              <value>
                <![CDATA[public void Tims.Partial_Report_SOFT_1409_Test_Cases.TC_17_Verify_Partial_Report_For_Weight_Management_Test_For_Biomarkers_FOL_HbA1c_with_Error_Reason_Inhibitory.TC_17_Verify_partial_report_for_weight_management_test_for_biomarkers_FOL_HbA1c_with_error_reason_inhibitory() throws java.lang.InterruptedException,java.io.IOException]]>
              </value>
            </param>
          </params>
          <reporter-output>
          </reporter-output>
        </test-method> <!-- beforeEachMethod -->
        <test-method signature="TC_17_Verify_partial_report_for_weight_management_test_for_biomarkers_FOL_HbA1c_with_error_reason_inhibitory()[pri:0, instance:Tims.Partial_Report_SOFT_1409_Test_Cases.TC_17_Verify_Partial_Report_For_Weight_Management_Test_For_Biomarkers_FOL_HbA1c_with_Error_Reason_Inhibitory@815b41f]" started-at="2025-10-14T16:48:05 IST" name="TC_17_Verify_partial_report_for_weight_management_test_for_biomarkers_FOL_HbA1c_with_error_reason_inhibitory" finished-at="2025-10-14T16:49:21 IST" duration-ms="76376" status="PASS">
          <reporter-output>
          </reporter-output>
        </test-method> <!-- TC_17_Verify_partial_report_for_weight_management_test_for_biomarkers_FOL_HbA1c_with_error_reason_inhibitory -->
        <test-method is-config="true" signature="afterEachMethod(org.testng.ITestResult)[pri:0, instance:Tims.Partial_Report_SOFT_1409_Test_Cases.TC_17_Verify_Partial_Report_For_Weight_Management_Test_For_Biomarkers_FOL_HbA1c_with_Error_Reason_Inhibitory@815b41f]" started-at="2025-10-14T16:49:21 IST" name="afterEachMethod" finished-at="2025-10-14T16:49:21 IST" duration-ms="122" status="PASS">
          <params>
            <param index="0">
              <value>
                <![CDATA[[TestResult name=TC_17_Verify_partial_report_for_weight_management_test_for_biomarkers_FOL_HbA1c_with_error_reason_inhibitory status=SUCCESS method=TC_17_Verify_Partial_Report_For_Weight_Management_Test_For_Biomarkers_FOL_HbA1c_with_Error_Reason_Inhibitory.TC_17_Verify_partial_report_for_weight_management_test_for_biomarkers_FOL_HbA1c_with_error_reason_inhibitory()[pri:0, instance:Tims.Partial_Report_SOFT_1409_Test_Cases.TC_17_Verify_Partial_Report_For_Weight_Management_Test_For_Biomarkers_FOL_HbA1c_with_Error_Reason_Inhibitory@815b41f] output={null}]]]>
              </value>
            </param>
          </params>
          <reporter-output>
          </reporter-output>
        </test-method> <!-- afterEachMethod -->
        <test-method is-config="true" signature="afterClass()[pri:0, instance:Tims.Partial_Report_SOFT_1409_Test_Cases.TC_17_Verify_Partial_Report_For_Weight_Management_Test_For_Biomarkers_FOL_HbA1c_with_Error_Reason_Inhibitory@815b41f]" started-at="2025-10-14T16:49:21 IST" name="afterClass" finished-at="2025-10-14T16:49:21 IST" duration-ms="257" status="PASS">
          <reporter-output>
          </reporter-output>
        </test-method> <!-- afterClass -->
      </class> <!-- Tims.Partial_Report_SOFT_1409_Test_Cases.TC_17_Verify_Partial_Report_For_Weight_Management_Test_For_Biomarkers_FOL_HbA1c_with_Error_Reason_Inhibitory -->
      <class name="Tims.Partial_Report_SOFT_1409_Test_Cases.TC_06_Verify_Partial_Test_Report_General_Health_Test_For_HbA1c_ALT_GGT_with_Error_Untestable_Clotted_sample_receipt">
        <test-method is-config="true" signature="beforeClass(org.testng.ITestContext)[pri:0, instance:Tims.Partial_Report_SOFT_1409_Test_Cases.TC_06_Verify_Partial_Test_Report_General_Health_Test_For_HbA1c_ALT_GGT_with_Error_Untestable_Clotted_sample_receipt@3b69e7d1]" started-at="2025-10-14T16:46:42 IST" name="beforeClass" finished-at="2025-10-14T16:46:44 IST" duration-ms="2308" status="PASS">
          <params>
            <param index="0">
              <value>
                <![CDATA[org.testng.TestRunner@7984e52]]>
              </value>
            </param>
          </params>
          <reporter-output>
          </reporter-output>
        </test-method> <!-- beforeClass -->
        <test-method is-config="true" signature="beforeEachMethod(java.lang.reflect.Method)[pri:0, instance:Tims.Partial_Report_SOFT_1409_Test_Cases.TC_06_Verify_Partial_Test_Report_General_Health_Test_For_HbA1c_ALT_GGT_with_Error_Untestable_Clotted_sample_receipt@3b69e7d1]" started-at="2025-10-14T16:46:44 IST" name="beforeEachMethod" finished-at="2025-10-14T16:46:44 IST" duration-ms="1" status="PASS">
          <params>
            <param index="0">
              <value>
                <![CDATA[public void Tims.Partial_Report_SOFT_1409_Test_Cases.TC_06_Verify_Partial_Test_Report_General_Health_Test_For_HbA1c_ALT_GGT_with_Error_Untestable_Clotted_sample_receipt.TC_06_Verify_partial_test_report_for_the_general_health_test_for_biomarkers_HbA1c_ALT_GGT_with_error_untestable_clotted_sample_receipt() throws java.lang.InterruptedException,java.io.IOException]]>
              </value>
            </param>
          </params>
          <reporter-output>
          </reporter-output>
        </test-method> <!-- beforeEachMethod -->
        <test-method signature="TC_06_Verify_partial_test_report_for_the_general_health_test_for_biomarkers_HbA1c_ALT_GGT_with_error_untestable_clotted_sample_receipt()[pri:0, instance:Tims.Partial_Report_SOFT_1409_Test_Cases.TC_06_Verify_Partial_Test_Report_General_Health_Test_For_HbA1c_ALT_GGT_with_Error_Untestable_Clotted_sample_receipt@3b69e7d1]" started-at="2025-10-14T16:46:44 IST" name="TC_06_Verify_partial_test_report_for_the_general_health_test_for_biomarkers_HbA1c_ALT_GGT_with_error_untestable_clotted_sample_receipt" finished-at="2025-10-14T16:48:02 IST" duration-ms="77914" status="PASS">
          <reporter-output>
          </reporter-output>
        </test-method> <!-- TC_06_Verify_partial_test_report_for_the_general_health_test_for_biomarkers_HbA1c_ALT_GGT_with_error_untestable_clotted_sample_receipt -->
        <test-method is-config="true" signature="afterEachMethod(org.testng.ITestResult)[pri:0, instance:Tims.Partial_Report_SOFT_1409_Test_Cases.TC_06_Verify_Partial_Test_Report_General_Health_Test_For_HbA1c_ALT_GGT_with_Error_Untestable_Clotted_sample_receipt@3b69e7d1]" started-at="2025-10-14T16:48:02 IST" name="afterEachMethod" finished-at="2025-10-14T16:48:02 IST" duration-ms="110" status="PASS">
          <params>
            <param index="0">
              <value>
                <![CDATA[[TestResult name=TC_06_Verify_partial_test_report_for_the_general_health_test_for_biomarkers_HbA1c_ALT_GGT_with_error_untestable_clotted_sample_receipt status=SUCCESS method=TC_06_Verify_Partial_Test_Report_General_Health_Test_For_HbA1c_ALT_GGT_with_Error_Untestable_Clotted_sample_receipt.TC_06_Verify_partial_test_report_for_the_general_health_test_for_biomarkers_HbA1c_ALT_GGT_with_error_untestable_clotted_sample_receipt()[pri:0, instance:Tims.Partial_Report_SOFT_1409_Test_Cases.TC_06_Verify_Partial_Test_Report_General_Health_Test_For_HbA1c_ALT_GGT_with_Error_Untestable_Clotted_sample_receipt@3b69e7d1] output={null}]]]>
              </value>
            </param>
          </params>
          <reporter-output>
          </reporter-output>
        </test-method> <!-- afterEachMethod -->
        <test-method is-config="true" signature="afterClass()[pri:0, instance:Tims.Partial_Report_SOFT_1409_Test_Cases.TC_06_Verify_Partial_Test_Report_General_Health_Test_For_HbA1c_ALT_GGT_with_Error_Untestable_Clotted_sample_receipt@3b69e7d1]" started-at="2025-10-14T16:48:02 IST" name="afterClass" finished-at="2025-10-14T16:48:03 IST" duration-ms="270" status="PASS">
          <reporter-output>
          </reporter-output>
        </test-method> <!-- afterClass -->
      </class> <!-- Tims.Partial_Report_SOFT_1409_Test_Cases.TC_06_Verify_Partial_Test_Report_General_Health_Test_For_HbA1c_ALT_GGT_with_Error_Untestable_Clotted_sample_receipt -->
    </test> <!-- Test -->
  </suite> <!-- Suite -->
</testng-results>
